#
# There is insufficient memory for the Java Runtime Environment to continue.
# Native memory allocation (malloc) failed to allocate 368256 bytes for Chunk::new
# Possible reasons:
#   The system is out of physical RAM or swap space
#   The process is running with CompressedOops enabled, and the Java Heap may be blocking the growth of the native heap
# Possible solutions:
#   Reduce memory load on the system
#   Increase physical memory or swap space
#   Check if swap backing store is full
#   Decrease Java heap size (-Xmx/-Xms)
#   Decrease number of Java threads
#   Decrease Java thread stack sizes (-Xss)
#   Set larger code cache with -XX:ReservedCodeCacheSize=
#   JVM is running with Unscaled Compressed Oops mode in which the Java heap is
#     placed in the first 4GB address space. The Java Heap base address is the
#     maximum limit for the native heap growth. Please use -XX:HeapBaseMinAddress
#     to set the Java Heap base and to place the Java Heap above 4GB virtual address.
# This output file may be truncated or incomplete.
#
#  Out of Memory Error (arena.cpp:189), pid=13108, tid=14788
#
# JRE version: Java(TM) SE Runtime Environment (17.0.3.1+2) (build 17.0.3.1+2-LTS-6)
# Java VM: Java HotSpot(TM) 64-Bit Server VM (17.0.3.1+2-LTS-6, mixed mode, sharing, tiered, compressed oops, compressed class ptrs, g1 gc, windows-amd64)
# No core dump will be written. Minidumps are not enabled by default on client versions of Windows
#

---------------  S U M M A R Y ------------

Command Line: -Dclassworlds.conf=C:\Program Files\NetBeans-16\netbeans\java\maven\bin\m2.conf -Dmaven.home=C:\Program Files\NetBeans-16\netbeans\java\maven -Dlibrary.jansi.path=C:\Program Files\NetBeans-16\netbeans\java\maven\lib\jansi-native -Dmaven.multiModuleProjectDirectory=C:\Users\ACER\Desktop\OOP CW\CW2\JavaCw2 org.codehaus.plexus.classworlds.launcher.Launcher -Dexec.vmArgs= -Dexec.args=${exec.vmArgs} -classpath %classpath ${exec.mainClass} ${exec.appArgs} -Dexec.executable=C:\Program Files\Java\jdk-17.0.3.1\bin\java.exe -Dexec.mainClass=com.mycompany.javacw2.WestminsterSkinConsultationManager -Dexec.classpathScope=runtime -Dexec.appArgs= -Dmaven.ext.class.path=C:\Program Files\NetBeans-16\netbeans\java\maven-nblib\netbeans-eventspy.jar -Dfile.encoding=UTF-8 org.codehaus.mojo:exec-maven-plugin:3.0.0:exec

Host: Intel(R) Core(TM) i5-10210U CPU @ 1.60GHz, 8 cores, 7G,  Windows 11 , 64 bit Build 22000 (10.0.22000.1335)
Time: Sat Dec 31 19:08:47 2022 India Standard Time elapsed time: 2.518336 seconds (0d 0h 0m 2s)

---------------  T H R E A D  ---------------

Current thread (0x00000214937823f0):  JavaThread "C2 CompilerThread2" daemon [_thread_in_native, id=14788, stack(0x000000a135500000,0x000000a135600000)]


Current CompileTask:
C2:   2527 2284   !   4       org.apache.maven.model.interpolation.StringVisitorModelInterpolator$1::interpolate (97 bytes)

Stack: [0x000000a135500000,0x000000a135600000]
Native frames: (J=compiled Java code, j=interpreted, Vv=VM code, C=native code)
V  [jvm.dll+0x6711ba]
V  [jvm.dll+0x7d0834]
V  [jvm.dll+0x7d1fde]
V  [jvm.dll+0x7d2643]
V  [jvm.dll+0x242c85]
V  [jvm.dll+0xaa57b]
V  [jvm.dll+0xaab0c]
V  [jvm.dll+0x2a99df]
V  [jvm.dll+0x579889]
V  [jvm.dll+0x21defd]
V  [jvm.dll+0x21e2df]
V  [jvm.dll+0x217bb5]
V  [jvm.dll+0x21507b]
V  [jvm.dll+0x1a1c3d]
V  [jvm.dll+0x2249c8]
V  [jvm.dll+0x222b2c]
V  [jvm.dll+0x78650b]
V  [jvm.dll+0x780aca]
V  [jvm.dll+0x670045]
C  [ucrtbase.dll+0x26c0c]
C  [KERNEL32.DLL+0x155a0]
C  [ntdll.dll+0x485b]


---------------  P R O C E S S  ---------------

Threads class SMR info:
_java_thread_list=0x00000214946a9480, length=14, elements={
0x00000214f1b9d800, 0x00000214fecc83c0, 0x00000214fecc9d80, 0x00000214fece1f40,
0x00000214fece4810, 0x00000214fece5af0, 0x00000214fece64a0, 0x00000214feceaa90,
0x00000214feced150, 0x00000214fecf5b70, 0x00000214ff8c5d10, 0x00000214ff8ca3a0,
0x0000021493605460, 0x00000214937823f0
}

Java Threads: ( => current thread )
  0x00000214f1b9d800 JavaThread "main" [_thread_in_native, id=17508, stack(0x000000a133a00000,0x000000a133b00000)]
  0x00000214fecc83c0 JavaThread "Reference Handler" daemon [_thread_blocked, id=13216, stack(0x000000a134100000,0x000000a134200000)]
  0x00000214fecc9d80 JavaThread "Finalizer" daemon [_thread_blocked, id=13424, stack(0x000000a134200000,0x000000a134300000)]
  0x00000214fece1f40 JavaThread "Signal Dispatcher" daemon [_thread_blocked, id=13412, stack(0x000000a134300000,0x000000a134400000)]
  0x00000214fece4810 JavaThread "Attach Listener" daemon [_thread_blocked, id=16804, stack(0x000000a134400000,0x000000a134500000)]
  0x00000214fece5af0 JavaThread "Service Thread" daemon [_thread_blocked, id=11568, stack(0x000000a134500000,0x000000a134600000)]
  0x00000214fece64a0 JavaThread "Monitor Deflation Thread" daemon [_thread_blocked, id=10028, stack(0x000000a134600000,0x000000a134700000)]
  0x00000214feceaa90 JavaThread "C2 CompilerThread0" daemon [_thread_in_native, id=3212, stack(0x000000a134700000,0x000000a134800000)]
  0x00000214feced150 JavaThread "C1 CompilerThread0" daemon [_thread_blocked, id=16032, stack(0x000000a134800000,0x000000a134900000)]
  0x00000214fecf5b70 JavaThread "Sweeper thread" daemon [_thread_blocked, id=4400, stack(0x000000a134900000,0x000000a134a00000)]
  0x00000214ff8c5d10 JavaThread "Notification Thread" daemon [_thread_blocked, id=13384, stack(0x000000a134a00000,0x000000a134b00000)]
  0x00000214ff8ca3a0 JavaThread "Common-Cleaner" daemon [_thread_blocked, id=5408, stack(0x000000a134c00000,0x000000a134d00000)]
  0x0000021493605460 JavaThread "C2 CompilerThread1" daemon [_thread_in_native, id=15356, stack(0x000000a134d00000,0x000000a134e00000)]
=>0x00000214937823f0 JavaThread "C2 CompilerThread2" daemon [_thread_in_native, id=14788, stack(0x000000a135500000,0x000000a135600000)]

Other Threads:
  0x00000214fecc4a30 VMThread "VM Thread" [stack: 0x000000a134000000,0x000000a134100000] [id=14816]
  0x00000214f3cf4bc0 WatcherThread [stack: 0x000000a134b00000,0x000000a134c00000] [id=10124]
  0x00000214f3cdb6b0 GCTaskThread "GC Thread#0" [stack: 0x000000a133b00000,0x000000a133c00000] [id=15840]
  0x00000214ff98cb90 GCTaskThread "GC Thread#1" [stack: 0x000000a134f00000,0x000000a135000000] [id=3644]
  0x0000021493c68c30 GCTaskThread "GC Thread#2" [stack: 0x000000a135000000,0x000000a135100000] [id=10036]
  0x0000021493a67e70 GCTaskThread "GC Thread#3" [stack: 0x000000a135100000,0x000000a135200000] [id=13416]
  0x0000021493950ae0 GCTaskThread "GC Thread#4" [stack: 0x000000a135200000,0x000000a135300000] [id=7984]
  0x0000021493950d90 GCTaskThread "GC Thread#5" [stack: 0x000000a135300000,0x000000a135400000] [id=18020]
  0x0000021493951040 GCTaskThread "GC Thread#6" [stack: 0x000000a135400000,0x000000a135500000] [id=11072]
  0x00000214937bd680 GCTaskThread "GC Thread#7" [stack: 0x000000a134e00000,0x000000a134f00000] [id=17876]
  0x00000214f3cebd30 ConcurrentGCThread "G1 Main Marker" [stack: 0x000000a133c00000,0x000000a133d00000] [id=15212]
  0x00000214f3ced8b0 ConcurrentGCThread "G1 Conc#0" [stack: 0x000000a133d00000,0x000000a133e00000] [id=17420]
  0x00000214f3d578e0 ConcurrentGCThread "G1 Refine#0" [stack: 0x000000a133e00000,0x000000a133f00000] [id=772]
  0x00000214feb701f0 ConcurrentGCThread "G1 Service" [stack: 0x000000a133f00000,0x000000a134000000] [id=16668]

Threads with active compile tasks:
C2 CompilerThread0     2823 2309       4       java.util.HashSet::add (20 bytes)
C2 CompilerThread1     2823 2855       4       org.codehaus.plexus.classworlds.realm.Entry::matches (282 bytes)
C2 CompilerThread2     2823 2284   !   4       org.apache.maven.model.interpolation.StringVisitorModelInterpolator$1::interpolate (97 bytes)

VM state: not at safepoint (normal execution)

VM Mutex/Monitor currently owned by a thread: None

Heap address: 0x0000000084600000, size: 1978 MB, Compressed Oops mode: 32-bit

CDS archive(s) mapped at: [0x0000000800000000-0x0000000800bc0000-0x0000000800bc0000), size 12320768, SharedBaseAddress: 0x0000000800000000, ArchiveRelocationMode: 0.
Compressed class space mapped at: 0x0000000800c00000-0x0000000840c00000, reserved size: 1073741824
Narrow klass base: 0x0000000800000000, Narrow klass shift: 0, Narrow klass range: 0x100000000

GC Precious Log:
 CPUs: 8 total, 8 available
 Memory: 7908M
 Large Page Support: Disabled
 NUMA Support: Disabled
 Compressed Oops: Enabled (32-bit)
 Heap Region Size: 1M
 Heap Min Capacity: 8M
 Heap Initial Capacity: 124M
 Heap Max Capacity: 1978M
 Pre-touch: Disabled
 Parallel Workers: 8
 Concurrent Workers: 2
 Concurrent Refinement Workers: 8
 Periodic GC: Disabled

Heap:
 garbage-first heap   total 126976K, used 43724K [0x0000000084600000, 0x0000000100000000)
  region size 1024K, 41 young (41984K), 3 survivors (3072K)
 Metaspace       used 13391K, committed 13568K, reserved 1064960K
  class space    used 1571K, committed 1664K, reserved 1048576K

Heap Regions: E=young(eden), S=young(survivor), O=old, HS=humongous(starts), HC=humongous(continues), CS=collection set, F=free, OA=open archive, CA=closed archive, TAMS=top-at-mark-start (previous, next)
|   0|0x0000000084600000, 0x0000000084700000, 0x0000000084700000|100%| O|  |TAMS 0x0000000084600000, 0x0000000084600000| Untracked 
|   1|0x0000000084700000, 0x0000000084800000, 0x0000000084800000|100%| O|  |TAMS 0x0000000084700000, 0x0000000084700000| Untracked 
|   2|0x0000000084800000, 0x0000000084900000, 0x0000000084900000|100%| O|  |TAMS 0x0000000084800000, 0x0000000084800000| Untracked 
|   3|0x0000000084900000, 0x0000000084976e00, 0x0000000084a00000| 46%| O|  |TAMS 0x0000000084900000, 0x0000000084900000| Untracked 
|   4|0x0000000084a00000, 0x0000000084a00000, 0x0000000084b00000|  0%| F|  |TAMS 0x0000000084a00000, 0x0000000084a00000| Untracked 
|   5|0x0000000084b00000, 0x0000000084b00000, 0x0000000084c00000|  0%| F|  |TAMS 0x0000000084b00000, 0x0000000084b00000| Untracked 
|   6|0x0000000084c00000, 0x0000000084c00000, 0x0000000084d00000|  0%| F|  |TAMS 0x0000000084c00000, 0x0000000084c00000| Untracked 
|   7|0x0000000084d00000, 0x0000000084d00000, 0x0000000084e00000|  0%| F|  |TAMS 0x0000000084d00000, 0x0000000084d00000| Untracked 
|   8|0x0000000084e00000, 0x0000000084e00000, 0x0000000084f00000|  0%| F|  |TAMS 0x0000000084e00000, 0x0000000084e00000| Untracked 
|   9|0x0000000084f00000, 0x0000000084f00000, 0x0000000085000000|  0%| F|  |TAMS 0x0000000084f00000, 0x0000000084f00000| Untracked 
|  10|0x0000000085000000, 0x0000000085000000, 0x0000000085100000|  0%| F|  |TAMS 0x0000000085000000, 0x0000000085000000| Untracked 
|  11|0x0000000085100000, 0x0000000085100000, 0x0000000085200000|  0%| F|  |TAMS 0x0000000085100000, 0x0000000085100000| Untracked 
|  12|0x0000000085200000, 0x0000000085200000, 0x0000000085300000|  0%| F|  |TAMS 0x0000000085200000, 0x0000000085200000| Untracked 
|  13|0x0000000085300000, 0x0000000085300000, 0x0000000085400000|  0%| F|  |TAMS 0x0000000085300000, 0x0000000085300000| Untracked 
|  14|0x0000000085400000, 0x0000000085400000, 0x0000000085500000|  0%| F|  |TAMS 0x0000000085400000, 0x0000000085400000| Untracked 
|  15|0x0000000085500000, 0x0000000085500000, 0x0000000085600000|  0%| F|  |TAMS 0x0000000085500000, 0x0000000085500000| Untracked 
|  16|0x0000000085600000, 0x0000000085600000, 0x0000000085700000|  0%| F|  |TAMS 0x0000000085600000, 0x0000000085600000| Untracked 
|  17|0x0000000085700000, 0x0000000085700000, 0x0000000085800000|  0%| F|  |TAMS 0x0000000085700000, 0x0000000085700000| Untracked 
|  18|0x0000000085800000, 0x0000000085800000, 0x0000000085900000|  0%| F|  |TAMS 0x0000000085800000, 0x0000000085800000| Untracked 
|  19|0x0000000085900000, 0x0000000085900000, 0x0000000085a00000|  0%| F|  |TAMS 0x0000000085900000, 0x0000000085900000| Untracked 
|  20|0x0000000085a00000, 0x0000000085a00000, 0x0000000085b00000|  0%| F|  |TAMS 0x0000000085a00000, 0x0000000085a00000| Untracked 
|  21|0x0000000085b00000, 0x0000000085b00000, 0x0000000085c00000|  0%| F|  |TAMS 0x0000000085b00000, 0x0000000085b00000| Untracked 
|  22|0x0000000085c00000, 0x0000000085c00000, 0x0000000085d00000|  0%| F|  |TAMS 0x0000000085c00000, 0x0000000085c00000| Untracked 
|  23|0x0000000085d00000, 0x0000000085d00000, 0x0000000085e00000|  0%| F|  |TAMS 0x0000000085d00000, 0x0000000085d00000| Untracked 
|  24|0x0000000085e00000, 0x0000000085e00000, 0x0000000085f00000|  0%| F|  |TAMS 0x0000000085e00000, 0x0000000085e00000| Untracked 
|  25|0x0000000085f00000, 0x0000000085f00000, 0x0000000086000000|  0%| F|  |TAMS 0x0000000085f00000, 0x0000000085f00000| Untracked 
|  26|0x0000000086000000, 0x0000000086000000, 0x0000000086100000|  0%| F|  |TAMS 0x0000000086000000, 0x0000000086000000| Untracked 
|  27|0x0000000086100000, 0x0000000086100000, 0x0000000086200000|  0%| F|  |TAMS 0x0000000086100000, 0x0000000086100000| Untracked 
|  28|0x0000000086200000, 0x0000000086200000, 0x0000000086300000|  0%| F|  |TAMS 0x0000000086200000, 0x0000000086200000| Untracked 
|  29|0x0000000086300000, 0x0000000086300000, 0x0000000086400000|  0%| F|  |TAMS 0x0000000086300000, 0x0000000086300000| Untracked 
|  30|0x0000000086400000, 0x0000000086400000, 0x0000000086500000|  0%| F|  |TAMS 0x0000000086400000, 0x0000000086400000| Untracked 
|  31|0x0000000086500000, 0x0000000086500000, 0x0000000086600000|  0%| F|  |TAMS 0x0000000086500000, 0x0000000086500000| Untracked 
|  32|0x0000000086600000, 0x0000000086600000, 0x0000000086700000|  0%| F|  |TAMS 0x0000000086600000, 0x0000000086600000| Untracked 
|  33|0x0000000086700000, 0x0000000086700000, 0x0000000086800000|  0%| F|  |TAMS 0x0000000086700000, 0x0000000086700000| Untracked 
|  34|0x0000000086800000, 0x0000000086800000, 0x0000000086900000|  0%| F|  |TAMS 0x0000000086800000, 0x0000000086800000| Untracked 
|  35|0x0000000086900000, 0x0000000086900000, 0x0000000086a00000|  0%| F|  |TAMS 0x0000000086900000, 0x0000000086900000| Untracked 
|  36|0x0000000086a00000, 0x0000000086a00000, 0x0000000086b00000|  0%| F|  |TAMS 0x0000000086a00000, 0x0000000086a00000| Untracked 
|  37|0x0000000086b00000, 0x0000000086b00000, 0x0000000086c00000|  0%| F|  |TAMS 0x0000000086b00000, 0x0000000086b00000| Untracked 
|  38|0x0000000086c00000, 0x0000000086c00000, 0x0000000086d00000|  0%| F|  |TAMS 0x0000000086c00000, 0x0000000086c00000| Untracked 
|  39|0x0000000086d00000, 0x0000000086d00000, 0x0000000086e00000|  0%| F|  |TAMS 0x0000000086d00000, 0x0000000086d00000| Untracked 
|  40|0x0000000086e00000, 0x0000000086e00000, 0x0000000086f00000|  0%| F|  |TAMS 0x0000000086e00000, 0x0000000086e00000| Untracked 
|  41|0x0000000086f00000, 0x0000000086f00000, 0x0000000087000000|  0%| F|  |TAMS 0x0000000086f00000, 0x0000000086f00000| Untracked 
|  42|0x0000000087000000, 0x0000000087000000, 0x0000000087100000|  0%| F|  |TAMS 0x0000000087000000, 0x0000000087000000| Untracked 
|  43|0x0000000087100000, 0x0000000087100000, 0x0000000087200000|  0%| F|  |TAMS 0x0000000087100000, 0x0000000087100000| Untracked 
|  44|0x0000000087200000, 0x0000000087200000, 0x0000000087300000|  0%| F|  |TAMS 0x0000000087200000, 0x0000000087200000| Untracked 
|  45|0x0000000087300000, 0x0000000087300000, 0x0000000087400000|  0%| F|  |TAMS 0x0000000087300000, 0x0000000087300000| Untracked 
|  46|0x0000000087400000, 0x0000000087400000, 0x0000000087500000|  0%| F|  |TAMS 0x0000000087400000, 0x0000000087400000| Untracked 
|  47|0x0000000087500000, 0x0000000087500000, 0x0000000087600000|  0%| F|  |TAMS 0x0000000087500000, 0x0000000087500000| Untracked 
|  48|0x0000000087600000, 0x0000000087600000, 0x0000000087700000|  0%| F|  |TAMS 0x0000000087600000, 0x0000000087600000| Untracked 
|  49|0x0000000087700000, 0x0000000087700000, 0x0000000087800000|  0%| F|  |TAMS 0x0000000087700000, 0x0000000087700000| Untracked 
|  50|0x0000000087800000, 0x0000000087800000, 0x0000000087900000|  0%| F|  |TAMS 0x0000000087800000, 0x0000000087800000| Untracked 
|  51|0x0000000087900000, 0x0000000087900000, 0x0000000087a00000|  0%| F|  |TAMS 0x0000000087900000, 0x0000000087900000| Untracked 
|  52|0x0000000087a00000, 0x0000000087a00000, 0x0000000087b00000|  0%| F|  |TAMS 0x0000000087a00000, 0x0000000087a00000| Untracked 
|  53|0x0000000087b00000, 0x0000000087b00000, 0x0000000087c00000|  0%| F|  |TAMS 0x0000000087b00000, 0x0000000087b00000| Untracked 
|  54|0x0000000087c00000, 0x0000000087c00000, 0x0000000087d00000|  0%| F|  |TAMS 0x0000000087c00000, 0x0000000087c00000| Untracked 
|  55|0x0000000087d00000, 0x0000000087d00000, 0x0000000087e00000|  0%| F|  |TAMS 0x0000000087d00000, 0x0000000087d00000| Untracked 
|  56|0x0000000087e00000, 0x0000000087e00000, 0x0000000087f00000|  0%| F|  |TAMS 0x0000000087e00000, 0x0000000087e00000| Untracked 
|  57|0x0000000087f00000, 0x0000000087f00000, 0x0000000088000000|  0%| F|  |TAMS 0x0000000087f00000, 0x0000000087f00000| Untracked 
|  58|0x0000000088000000, 0x0000000088000000, 0x0000000088100000|  0%| F|  |TAMS 0x0000000088000000, 0x0000000088000000| Untracked 
|  59|0x0000000088100000, 0x0000000088100000, 0x0000000088200000|  0%| F|  |TAMS 0x0000000088100000, 0x0000000088100000| Untracked 
|  60|0x0000000088200000, 0x0000000088200000, 0x0000000088300000|  0%| F|  |TAMS 0x0000000088200000, 0x0000000088200000| Untracked 
|  61|0x0000000088300000, 0x0000000088300000, 0x0000000088400000|  0%| F|  |TAMS 0x0000000088300000, 0x0000000088300000| Untracked 
|  62|0x0000000088400000, 0x0000000088400000, 0x0000000088500000|  0%| F|  |TAMS 0x0000000088400000, 0x0000000088400000| Untracked 
|  63|0x0000000088500000, 0x0000000088500000, 0x0000000088600000|  0%| F|  |TAMS 0x0000000088500000, 0x0000000088500000| Untracked 
|  64|0x0000000088600000, 0x0000000088600000, 0x0000000088700000|  0%| F|  |TAMS 0x0000000088600000, 0x0000000088600000| Untracked 
|  65|0x0000000088700000, 0x0000000088700000, 0x0000000088800000|  0%| F|  |TAMS 0x0000000088700000, 0x0000000088700000| Untracked 
|  66|0x0000000088800000, 0x0000000088800000, 0x0000000088900000|  0%| F|  |TAMS 0x0000000088800000, 0x0000000088800000| Untracked 
|  67|0x0000000088900000, 0x0000000088900000, 0x0000000088a00000|  0%| F|  |TAMS 0x0000000088900000, 0x0000000088900000| Untracked 
|  68|0x0000000088a00000, 0x0000000088a00000, 0x0000000088b00000|  0%| F|  |TAMS 0x0000000088a00000, 0x0000000088a00000| Untracked 
|  69|0x0000000088b00000, 0x0000000088b00000, 0x0000000088c00000|  0%| F|  |TAMS 0x0000000088b00000, 0x0000000088b00000| Untracked 
|  70|0x0000000088c00000, 0x0000000088c00000, 0x0000000088d00000|  0%| F|  |TAMS 0x0000000088c00000, 0x0000000088c00000| Untracked 
|  71|0x0000000088d00000, 0x0000000088d00000, 0x0000000088e00000|  0%| F|  |TAMS 0x0000000088d00000, 0x0000000088d00000| Untracked 
|  72|0x0000000088e00000, 0x0000000088e00000, 0x0000000088f00000|  0%| F|  |TAMS 0x0000000088e00000, 0x0000000088e00000| Untracked 
|  73|0x0000000088f00000, 0x0000000088f00000, 0x0000000089000000|  0%| F|  |TAMS 0x0000000088f00000, 0x0000000088f00000| Untracked 
|  74|0x0000000089000000, 0x0000000089000000, 0x0000000089100000|  0%| F|  |TAMS 0x0000000089000000, 0x0000000089000000| Untracked 
|  75|0x0000000089100000, 0x0000000089100000, 0x0000000089200000|  0%| F|  |TAMS 0x0000000089100000, 0x0000000089100000| Untracked 
|  76|0x0000000089200000, 0x0000000089200000, 0x0000000089300000|  0%| F|  |TAMS 0x0000000089200000, 0x0000000089200000| Untracked 
|  77|0x0000000089300000, 0x0000000089300000, 0x0000000089400000|  0%| F|  |TAMS 0x0000000089300000, 0x0000000089300000| Untracked 
|  78|0x0000000089400000, 0x0000000089400000, 0x0000000089500000|  0%| F|  |TAMS 0x0000000089400000, 0x0000000089400000| Untracked 
|  79|0x0000000089500000, 0x0000000089500000, 0x0000000089600000|  0%| F|  |TAMS 0x0000000089500000, 0x0000000089500000| Untracked 
|  80|0x0000000089600000, 0x0000000089600000, 0x0000000089700000|  0%| F|  |TAMS 0x0000000089600000, 0x0000000089600000| Untracked 
|  81|0x0000000089700000, 0x0000000089700000, 0x0000000089800000|  0%| F|  |TAMS 0x0000000089700000, 0x0000000089700000| Untracked 
|  82|0x0000000089800000, 0x0000000089800000, 0x0000000089900000|  0%| F|  |TAMS 0x0000000089800000, 0x0000000089800000| Untracked 
|  83|0x0000000089900000, 0x0000000089a00000, 0x0000000089a00000|100%| E|  |TAMS 0x0000000089900000, 0x0000000089900000| Complete 
|  84|0x0000000089a00000, 0x0000000089b00000, 0x0000000089b00000|100%| E|CS|TAMS 0x0000000089a00000, 0x0000000089a00000| Complete 
|  85|0x0000000089b00000, 0x0000000089c00000, 0x0000000089c00000|100%| E|CS|TAMS 0x0000000089b00000, 0x0000000089b00000| Complete 
|  86|0x0000000089c00000, 0x0000000089d00000, 0x0000000089d00000|100%| E|CS|TAMS 0x0000000089c00000, 0x0000000089c00000| Complete 
|  87|0x0000000089d00000, 0x0000000089d3c4b8, 0x0000000089e00000| 23%| S|CS|TAMS 0x0000000089d00000, 0x0000000089d00000| Complete 
|  88|0x0000000089e00000, 0x0000000089f00000, 0x0000000089f00000|100%| S|CS|TAMS 0x0000000089e00000, 0x0000000089e00000| Complete 
|  89|0x0000000089f00000, 0x000000008a000000, 0x000000008a000000|100%| S|CS|TAMS 0x0000000089f00000, 0x0000000089f00000| Complete 
|  90|0x000000008a000000, 0x000000008a100000, 0x000000008a100000|100%| E|CS|TAMS 0x000000008a000000, 0x000000008a000000| Complete 
|  91|0x000000008a100000, 0x000000008a200000, 0x000000008a200000|100%| E|CS|TAMS 0x000000008a100000, 0x000000008a100000| Complete 
|  92|0x000000008a200000, 0x000000008a300000, 0x000000008a300000|100%| E|CS|TAMS 0x000000008a200000, 0x000000008a200000| Complete 
|  93|0x000000008a300000, 0x000000008a400000, 0x000000008a400000|100%| E|CS|TAMS 0x000000008a300000, 0x000000008a300000| Complete 
|  94|0x000000008a400000, 0x000000008a500000, 0x000000008a500000|100%| E|CS|TAMS 0x000000008a400000, 0x000000008a400000| Complete 
|  95|0x000000008a500000, 0x000000008a600000, 0x000000008a600000|100%| E|CS|TAMS 0x000000008a500000, 0x000000008a500000| Complete 
|  96|0x000000008a600000, 0x000000008a700000, 0x000000008a700000|100%| E|CS|TAMS 0x000000008a600000, 0x000000008a600000| Complete 
|  97|0x000000008a700000, 0x000000008a800000, 0x000000008a800000|100%| E|CS|TAMS 0x000000008a700000, 0x000000008a700000| Complete 
|  98|0x000000008a800000, 0x000000008a900000, 0x000000008a900000|100%| E|CS|TAMS 0x000000008a800000, 0x000000008a800000| Complete 
|  99|0x000000008a900000, 0x000000008aa00000, 0x000000008aa00000|100%| E|CS|TAMS 0x000000008a900000, 0x000000008a900000| Complete 
| 100|0x000000008aa00000, 0x000000008ab00000, 0x000000008ab00000|100%| E|CS|TAMS 0x000000008aa00000, 0x000000008aa00000| Complete 
| 101|0x000000008ab00000, 0x000000008ac00000, 0x000000008ac00000|100%| E|CS|TAMS 0x000000008ab00000, 0x000000008ab00000| Complete 
| 102|0x000000008ac00000, 0x000000008ad00000, 0x000000008ad00000|100%| E|CS|TAMS 0x000000008ac00000, 0x000000008ac00000| Complete 
| 103|0x000000008ad00000, 0x000000008ae00000, 0x000000008ae00000|100%| E|CS|TAMS 0x000000008ad00000, 0x000000008ad00000| Complete 
| 104|0x000000008ae00000, 0x000000008af00000, 0x000000008af00000|100%| E|CS|TAMS 0x000000008ae00000, 0x000000008ae00000| Complete 
| 105|0x000000008af00000, 0x000000008b000000, 0x000000008b000000|100%| E|CS|TAMS 0x000000008af00000, 0x000000008af00000| Complete 
| 106|0x000000008b000000, 0x000000008b100000, 0x000000008b100000|100%| E|CS|TAMS 0x000000008b000000, 0x000000008b000000| Complete 
| 107|0x000000008b100000, 0x000000008b200000, 0x000000008b200000|100%| E|CS|TAMS 0x000000008b100000, 0x000000008b100000| Complete 
| 108|0x000000008b200000, 0x000000008b300000, 0x000000008b300000|100%| E|CS|TAMS 0x000000008b200000, 0x000000008b200000| Complete 
| 109|0x000000008b300000, 0x000000008b400000, 0x000000008b400000|100%| E|CS|TAMS 0x000000008b300000, 0x000000008b300000| Complete 
| 110|0x000000008b400000, 0x000000008b500000, 0x000000008b500000|100%| E|CS|TAMS 0x000000008b400000, 0x000000008b400000| Complete 
| 111|0x000000008b500000, 0x000000008b600000, 0x000000008b600000|100%| E|CS|TAMS 0x000000008b500000, 0x000000008b500000| Complete 
| 112|0x000000008b600000, 0x000000008b700000, 0x000000008b700000|100%| E|CS|TAMS 0x000000008b600000, 0x000000008b600000| Complete 
| 113|0x000000008b700000, 0x000000008b800000, 0x000000008b800000|100%| E|CS|TAMS 0x000000008b700000, 0x000000008b700000| Complete 
| 114|0x000000008b800000, 0x000000008b900000, 0x000000008b900000|100%| E|CS|TAMS 0x000000008b800000, 0x000000008b800000| Complete 
| 115|0x000000008b900000, 0x000000008ba00000, 0x000000008ba00000|100%| E|CS|TAMS 0x000000008b900000, 0x000000008b900000| Complete 
| 116|0x000000008ba00000, 0x000000008bb00000, 0x000000008bb00000|100%| E|CS|TAMS 0x000000008ba00000, 0x000000008ba00000| Complete 
| 117|0x000000008bb00000, 0x000000008bc00000, 0x000000008bc00000|100%| E|CS|TAMS 0x000000008bb00000, 0x000000008bb00000| Complete 
| 118|0x000000008bc00000, 0x000000008bd00000, 0x000000008bd00000|100%| E|CS|TAMS 0x000000008bc00000, 0x000000008bc00000| Complete 
| 119|0x000000008bd00000, 0x000000008be00000, 0x000000008be00000|100%| E|CS|TAMS 0x000000008bd00000, 0x000000008bd00000| Complete 
| 120|0x000000008be00000, 0x000000008bf00000, 0x000000008bf00000|100%| E|CS|TAMS 0x000000008be00000, 0x000000008be00000| Complete 
| 121|0x000000008bf00000, 0x000000008c000000, 0x000000008c000000|100%| E|CS|TAMS 0x000000008bf00000, 0x000000008bf00000| Complete 
| 122|0x000000008c000000, 0x000000008c100000, 0x000000008c100000|100%| E|CS|TAMS 0x000000008c000000, 0x000000008c000000| Complete 
| 123|0x000000008c100000, 0x000000008c200000, 0x000000008c200000|100%| E|CS|TAMS 0x000000008c100000, 0x000000008c100000| Complete 

Card table byte_map: [0x00000214fbc10000,0x00000214fbff0000] _byte_map_base: 0x00000214fb7ed000

Marking Bits (Prev, Next): (CMBitMap*) 0x00000214f3cdbcc0, (CMBitMap*) 0x00000214f3cdbd00
 Prev Bits: [0x00000214fc3d0000, 0x00000214fe2b8000)
 Next Bits: [0x000002148f000000, 0x0000021490ee8000)

Polling page: 0x00000214f1bc0000

Metaspace:

Usage:
  Non-class:     11.57 MB used.
      Class:      1.54 MB used.
       Both:     13.11 MB used.

Virtual space:
  Non-class space:       16.00 MB reserved,      11.69 MB ( 73%) committed,  2 nodes.
      Class space:        1.00 GB reserved,       1.62 MB ( <1%) committed,  1 nodes.
             Both:        1.02 GB reserved,      13.31 MB (  1%) committed. 

Chunk freelists:
   Non-Class:  3.09 MB
       Class:  2.40 MB
        Both:  5.49 MB

MaxMetaspaceSize: unlimited
CompressedClassSpaceSize: 1.00 GB
Initial GC threshold: 21.00 MB
Current GC threshold: 21.00 MB
CDS: on
MetaspaceReclaimPolicy: balanced
 - commit_granule_bytes: 65536.
 - commit_granule_words: 8192.
 - virtual_space_node_default_size: 1048576.
 - enlarge_chunks_in_place: 1.
 - new_chunks_are_fully_committed: 0.
 - uncommit_free_chunks: 1.
 - use_allocation_guard: 0.
 - handle_deallocations: 1.


Internal statistics:

num_allocs_failed_limit: 0.
num_arena_births: 70.
num_arena_deaths: 0.
num_vsnodes_births: 3.
num_vsnodes_deaths: 0.
num_space_committed: 213.
num_space_uncommitted: 0.
num_chunks_returned_to_freelist: 0.
num_chunks_taken_from_freelist: 535.
num_chunk_merges: 0.
num_chunk_splits: 392.
num_chunks_enlarged: 306.
num_purges: 0.
num_inconsistent_stats: 0.

CodeHeap 'non-profiled nmethods': size=120000Kb used=1174Kb max_used=1174Kb free=118825Kb
 bounds [0x0000021487ad0000, 0x0000021487d40000, 0x000002148f000000]
CodeHeap 'profiled nmethods': size=120000Kb used=5598Kb max_used=5598Kb free=114401Kb
 bounds [0x00000214805a0000, 0x0000021480b20000, 0x0000021487ad0000]
CodeHeap 'non-nmethods': size=5760Kb used=1168Kb max_used=1222Kb free=4592Kb
 bounds [0x0000021480000000, 0x0000021480270000, 0x00000214805a0000]
 total_blobs=3319 nmethods=2863 adapters=368
 compilation: enabled
              stopped_count=0, restarted_count=0
 full_count=0

Compilation events (20 events):
Event: 2.451 Thread 0x00000214feced150 2377       1       org.apache.maven.model.BuildBase::getFinalName (5 bytes)
Event: 2.451 Thread 0x00000214feced150 nmethod 2377 0x0000021487bb4c10 code [0x0000021487bb4da0, 0x0000021487bb4e78]
Event: 2.451 Thread 0x00000214feced150 2378       1       org.apache.maven.model.Reporting::getOutputDirectory (5 bytes)
Event: 2.451 Thread 0x00000214feced150 nmethod 2378 0x0000021487bb4f10 code [0x0000021487bb50a0, 0x0000021487bb5178]
Event: 2.451 Thread 0x00000214feced150 2379       1       org.apache.maven.model.Model::getScm (5 bytes)
Event: 2.451 Thread 0x00000214feced150 nmethod 2379 0x0000021487bb5210 code [0x0000021487bb53a0, 0x0000021487bb5478]
Event: 2.451 Thread 0x00000214feced150 2386       1       org.eclipse.aether.DefaultRepositorySystemSession::getWorkspaceReader (5 bytes)
Event: 2.451 Thread 0x00000214feced150 nmethod 2386 0x0000021487bb5510 code [0x0000021487bb56a0, 0x0000021487bb5778]
Event: 2.451 Thread 0x00000214feced150 2385       1       org.apache.maven.model.building.ModelData::getRawModel (5 bytes)
Event: 2.451 Thread 0x00000214feced150 nmethod 2385 0x0000021487bb5810 code [0x0000021487bb59a0, 0x0000021487bb5a78]
Event: 2.451 Thread 0x00000214feced150 2380       1       org.apache.maven.model.Build::getSourceDirectory (5 bytes)
Event: 2.451 Thread 0x00000214feced150 nmethod 2380 0x0000021487bb5b10 code [0x0000021487bb5ca0, 0x0000021487bb5d78]
Event: 2.451 Thread 0x00000214feced150 2381       1       org.apache.maven.model.Build::getScriptSourceDirectory (5 bytes)
Event: 2.451 Thread 0x00000214feced150 nmethod 2381 0x0000021487bb5e10 code [0x0000021487bb5fa0, 0x0000021487bb6078]
Event: 2.451 Thread 0x00000214feced150 2382       1       org.apache.maven.model.Build::getTestSourceDirectory (5 bytes)
Event: 2.451 Thread 0x00000214feced150 nmethod 2382 0x0000021487bb6110 code [0x0000021487bb62a0, 0x0000021487bb6378]
Event: 2.451 Thread 0x00000214feced150 2383       1       org.apache.maven.model.Build::getOutputDirectory (5 bytes)
Event: 2.451 Thread 0x00000214feced150 nmethod 2383 0x0000021487bb6410 code [0x0000021487bb65a0, 0x0000021487bb6678]
Event: 2.451 Thread 0x00000214feced150 2384       1       org.apache.maven.model.Build::getTestOutputDirectory (5 bytes)
Event: 2.452 Thread 0x00000214feced150 nmethod 2384 0x0000021487bb6710 code [0x0000021487bb68a0, 0x0000021487bb6978]

GC Heap History (4 events):
Event: 0.824 GC heap before
{Heap before GC invocations=0 (full 0):
 garbage-first heap   total 126976K, used 23552K [0x0000000084600000, 0x0000000100000000)
  region size 1024K, 23 young (23552K), 0 survivors (0K)
 Metaspace       used 4765K, committed 4928K, reserved 1056768K
  class space    used 564K, committed 640K, reserved 1048576K
}
Event: 0.831 GC heap after
{Heap after GC invocations=1 (full 0):
 garbage-first heap   total 126976K, used 3726K [0x0000000084600000, 0x0000000100000000)
  region size 1024K, 3 young (3072K), 3 survivors (3072K)
 Metaspace       used 4765K, committed 4928K, reserved 1056768K
  class space    used 564K, committed 640K, reserved 1048576K
}
Event: 1.995 GC heap before
{Heap before GC invocations=1 (full 0):
 garbage-first heap   total 126976K, used 35470K [0x0000000084600000, 0x0000000100000000)
  region size 1024K, 34 young (34816K), 3 survivors (3072K)
 Metaspace       used 10181K, committed 10368K, reserved 1064960K
  class space    used 1255K, committed 1344K, reserved 1048576K
}
Event: 2.006 GC heap after
{Heap after GC invocations=2 (full 0):
 garbage-first heap   total 126976K, used 5836K [0x0000000084600000, 0x0000000100000000)
  region size 1024K, 3 young (3072K), 3 survivors (3072K)
 Metaspace       used 10181K, committed 10368K, reserved 1064960K
  class space    used 1255K, committed 1344K, reserved 1048576K
}

Deoptimization events (20 events):
Event: 2.314 Thread 0x00000214f1b9d800 Uncommon trap: trap_request=0xffffff45 fr.pc=0x0000021487b8efe4 relative=0x0000000000000ae4
Event: 2.314 Thread 0x00000214f1b9d800 Uncommon trap: reason=unstable_if action=reinterpret pc=0x0000021487b8efe4 method=org.codehaus.plexus.util.xml.pull.MXParser.nextImpl()I @ 972 c2
Event: 2.314 Thread 0x00000214f1b9d800 DEOPT PACKING pc=0x0000021487b8efe4 sp=0x000000a133afce40
Event: 2.314 Thread 0x00000214f1b9d800 DEOPT UNPACKING pc=0x00000214800523a3 sp=0x000000a133afcdc0 mode 2
Event: 2.325 Thread 0x00000214f1b9d800 Uncommon trap: trap_request=0xffffff45 fr.pc=0x0000021487b1a2e8 relative=0x0000000000000268
Event: 2.325 Thread 0x00000214f1b9d800 Uncommon trap: reason=unstable_if action=reinterpret pc=0x0000021487b1a2e8 method=java.lang.String.decodeASCII([BI[CII)I @ 7 c2
Event: 2.325 Thread 0x00000214f1b9d800 DEOPT PACKING pc=0x0000021487b1a2e8 sp=0x000000a133afc9c0
Event: 2.325 Thread 0x00000214f1b9d800 DEOPT UNPACKING pc=0x00000214800523a3 sp=0x000000a133afc8c0 mode 2
Event: 2.326 Thread 0x00000214f1b9d800 Uncommon trap: trap_request=0xffffff45 fr.pc=0x0000021487b2013c relative=0x000000000000023c
Event: 2.326 Thread 0x00000214f1b9d800 Uncommon trap: reason=unstable_if action=reinterpret pc=0x0000021487b2013c method=java.lang.String.decodeASCII([BI[CII)I @ 7 c2
Event: 2.326 Thread 0x00000214f1b9d800 DEOPT PACKING pc=0x0000021487b2013c sp=0x000000a133afc7d0
Event: 2.326 Thread 0x00000214f1b9d800 DEOPT UNPACKING pc=0x00000214800523a3 sp=0x000000a133afc780 mode 2
Event: 2.374 Thread 0x00000214f1b9d800 DEOPT PACKING pc=0x00000214809d6226 sp=0x000000a133afcb00
Event: 2.374 Thread 0x00000214f1b9d800 DEOPT UNPACKING pc=0x0000021480052b43 sp=0x000000a133afc020 mode 0
Event: 2.401 Thread 0x00000214f1b9d800 DEOPT PACKING pc=0x00000214809d6226 sp=0x000000a133afc690
Event: 2.401 Thread 0x00000214f1b9d800 DEOPT UNPACKING pc=0x0000021480052b43 sp=0x000000a133afbbb0 mode 0
Event: 2.401 Thread 0x00000214f1b9d800 Uncommon trap: trap_request=0xffffff45 fr.pc=0x0000021487b94d5c relative=0x00000000000001bc
Event: 2.401 Thread 0x00000214f1b9d800 Uncommon trap: reason=unstable_if action=reinterpret pc=0x0000021487b94d5c method=org.codehaus.plexus.util.xml.pull.MXParser.isS(C)Z @ 21 c2
Event: 2.401 Thread 0x00000214f1b9d800 DEOPT PACKING pc=0x0000021487b94d5c sp=0x000000a133afc710
Event: 2.401 Thread 0x00000214f1b9d800 DEOPT UNPACKING pc=0x00000214800523a3 sp=0x000000a133afc630 mode 2

Classes unloaded (0 events):
No events

Classes redefined (0 events):
No events

Internal exceptions (16 events):
Event: 0.209 Thread 0x00000214f1b9d800 Exception <a 'java/lang/NullPointerException'{0x000000008be83490}> (0x000000008be83490) 
thrown [t:\workspace\open\src\hotspot\share\interpreter\linkResolver.cpp, line 1357]
Event: 0.224 Thread 0x00000214f1b9d800 Exception <a 'java/lang/NullPointerException'{0x000000008beb1f68}> (0x000000008beb1f68) 
thrown [t:\workspace\open\src\hotspot\share\interpreter\linkResolver.cpp, line 1357]
Event: 0.224 Thread 0x00000214f1b9d800 Exception <a 'java/lang/NullPointerException'{0x000000008beb2240}> (0x000000008beb2240) 
thrown [t:\workspace\open\src\hotspot\share\interpreter\linkResolver.cpp, line 1357]
Event: 0.224 Thread 0x00000214f1b9d800 Exception <a 'java/lang/NullPointerException'{0x000000008beb2518}> (0x000000008beb2518) 
thrown [t:\workspace\open\src\hotspot\share\interpreter\linkResolver.cpp, line 1357]
Event: 0.225 Thread 0x00000214f1b9d800 Exception <a 'java/lang/NullPointerException'{0x000000008beb7e98}> (0x000000008beb7e98) 
thrown [t:\workspace\open\src\hotspot\share\interpreter\linkResolver.cpp, line 1357]
Event: 0.227 Thread 0x00000214f1b9d800 Exception <a 'java/lang/NullPointerException'{0x000000008becd250}> (0x000000008becd250) 
thrown [t:\workspace\open\src\hotspot\share\interpreter\linkResolver.cpp, line 1357]
Event: 0.227 Thread 0x00000214f1b9d800 Exception <a 'java/lang/NullPointerException'{0x000000008becd528}> (0x000000008becd528) 
thrown [t:\workspace\open\src\hotspot\share\interpreter\linkResolver.cpp, line 1357]
Event: 0.227 Thread 0x00000214f1b9d800 Exception <a 'java/lang/NullPointerException'{0x000000008becd800}> (0x000000008becd800) 
thrown [t:\workspace\open\src\hotspot\share\interpreter\linkResolver.cpp, line 1357]
Event: 0.227 Thread 0x00000214f1b9d800 Exception <a 'java/lang/NullPointerException'{0x000000008becdad8}> (0x000000008becdad8) 
thrown [t:\workspace\open\src\hotspot\share\interpreter\linkResolver.cpp, line 1357]
Event: 0.628 Thread 0x00000214f1b9d800 Exception <a 'java/lang/NoSuchMethodError'{0x000000008b4f32b0}: 'java.lang.Object java.lang.invoke.DirectMethodHandle$Holder.newInvokeSpecial(java.lang.Object, java.lang.Object, java.lang.Object, java.lang.Object, java.lang.Object)'> (0x000000008b4f32b0) 
thrown [t:\workspace\open\src\hotspot\share\interpreter\linkResolver.cpp, line 766]
Event: 0.689 Thread 0x00000214f1b9d800 Exception <a 'java/lang/NoClassDefFoundError'{0x000000008b258620}: javax/enterprise/inject/Typed> (0x000000008b258620) 
thrown [t:\workspace\open\src\hotspot\share\classfile\systemDictionary.cpp, line 245]
Event: 1.909 Thread 0x00000214f1b9d800 Exception <a 'java/lang/NoClassDefFoundError'{0x000000008a2488e0}: com/google/inject/servlet/ServletModuleTargetVisitor> (0x000000008a2488e0) 
thrown [t:\workspace\open\src\hotspot\share\classfile\systemDictionary.cpp, line 245]
Event: 1.991 Thread 0x00000214f1b9d800 Exception <a 'java/lang/NoSuchMethodError'{0x000000008a0e06f8}: 'java.lang.Object java.lang.invoke.DirectMethodHandle$Holder.invokeStaticInit(java.lang.Object, int, int, int, int)'> (0x000000008a0e06f8) 
thrown [t:\workspace\open\src\hotspot\share\interpreter\linkResolver.cpp, line 766]
Event: 2.281 Thread 0x00000214f1b9d800 Implicit null exception at 0x0000021487b51960 to 0x0000021487b519fa
Event: 2.281 Thread 0x00000214f1b9d800 Implicit null exception at 0x0000021487b644ef to 0x0000021487b646bc
Event: 2.282 Thread 0x00000214f1b9d800 Implicit null exception at 0x0000021487b5e10f to 0x0000021487b5e189

VM Operations (20 events):
Event: 1.772 Executing VM operation: HandshakeAllThreads
Event: 1.772 Executing VM operation: HandshakeAllThreads done
Event: 1.774 Executing VM operation: HandshakeAllThreads
Event: 1.774 Executing VM operation: HandshakeAllThreads done
Event: 1.790 Executing VM operation: ICBufferFull
Event: 1.790 Executing VM operation: ICBufferFull done
Event: 1.882 Executing VM operation: HandshakeAllThreads
Event: 1.882 Executing VM operation: HandshakeAllThreads done
Event: 1.977 Executing VM operation: HandshakeAllThreads
Event: 1.977 Executing VM operation: HandshakeAllThreads done
Event: 1.994 Executing VM operation: G1CollectForAllocation
Event: 2.006 Executing VM operation: G1CollectForAllocation done
Event: 2.026 Executing VM operation: HandshakeAllThreads
Event: 2.026 Executing VM operation: HandshakeAllThreads done
Event: 2.109 Executing VM operation: HandshakeAllThreads
Event: 2.110 Executing VM operation: HandshakeAllThreads done
Event: 2.267 Executing VM operation: HandshakeAllThreads
Event: 2.267 Executing VM operation: HandshakeAllThreads done
Event: 2.405 Executing VM operation: ICBufferFull
Event: 2.405 Executing VM operation: ICBufferFull done

Events (20 events):
Event: 2.178 loading class java/lang/Short$ShortCache done
Event: 2.178 loading class java/lang/Byte$ByteCache
Event: 2.178 loading class java/lang/Byte$ByteCache done
Event: 2.200 loading class java/util/LinkedList$ListItr
Event: 2.200 loading class java/util/LinkedList$ListItr done
Event: 2.230 loading class java/util/Formatter$FixedString
Event: 2.230 loading class java/util/Formatter$FixedString done
Event: 2.266 loading class java/util/concurrent/locks/ReentrantReadWriteLock$NonfairSync
Event: 2.266 loading class java/util/concurrent/locks/ReentrantReadWriteLock$Sync
Event: 2.267 loading class java/util/concurrent/locks/ReentrantReadWriteLock$Sync done
Event: 2.267 loading class java/util/concurrent/locks/ReentrantReadWriteLock$NonfairSync done
Event: 2.267 loading class java/util/concurrent/locks/ReentrantReadWriteLock$Sync$ThreadLocalHoldCounter
Event: 2.267 loading class java/util/concurrent/locks/ReentrantReadWriteLock$Sync$ThreadLocalHoldCounter done
Event: 2.267 loading class java/util/concurrent/locks/ReentrantReadWriteLock$ReadLock
Event: 2.267 loading class java/util/concurrent/locks/ReentrantReadWriteLock$ReadLock done
Event: 2.267 loading class java/util/concurrent/locks/ReentrantReadWriteLock$WriteLock
Event: 2.267 loading class java/util/concurrent/locks/ReentrantReadWriteLock$WriteLock done
Event: 2.357 loading class java/util/Collections$UnmodifiableList$1
Event: 2.357 loading class java/util/Collections$UnmodifiableList$1 done
Event: 2.361 Thread 0x00000214937823f0 Thread added: 0x00000214937823f0


Dynamic libraries:
0x00007ff69b780000 - 0x00007ff69b790000 	C:\Program Files\Java\jdk-17.0.3.1\bin\java.exe
0x00007ffc48ee0000 - 0x00007ffc490e9000 	C:\WINDOWS\SYSTEM32\ntdll.dll
0x00007ffc47bc0000 - 0x00007ffc47c7e000 	C:\WINDOWS\System32\KERNEL32.DLL
0x00007ffc46470000 - 0x00007ffc467eb000 	C:\WINDOWS\System32\KERNELBASE.dll
0x00007ffc467f0000 - 0x00007ffc46901000 	C:\WINDOWS\System32\ucrtbase.dll
0x00007ffc1f680000 - 0x00007ffc1f69a000 	C:\Program Files\Java\jdk-17.0.3.1\bin\VCRUNTIME140.dll
0x00007ffc3ebc0000 - 0x00007ffc3ebd8000 	C:\Program Files\Java\jdk-17.0.3.1\bin\jli.dll
0x00007ffc47a20000 - 0x00007ffc47ace000 	C:\WINDOWS\System32\ADVAPI32.dll
0x00007ffc474f0000 - 0x00007ffc47593000 	C:\WINDOWS\System32\msvcrt.dll
0x00007ffc48e00000 - 0x00007ffc48e9e000 	C:\WINDOWS\System32\sechost.dll
0x00007ffc46d80000 - 0x00007ffc46ea0000 	C:\WINDOWS\System32\RPCRT4.dll
0x00007ffc475a0000 - 0x00007ffc4774d000 	C:\WINDOWS\System32\USER32.dll
0x00007ffc2a8f0000 - 0x00007ffc2ab95000 	C:\WINDOWS\WinSxS\amd64_microsoft.windows.common-controls_6595b64144ccf1df_6.0.22000.120_none_9d947278b86cc467\COMCTL32.dll
0x00007ffc46ab0000 - 0x00007ffc46ad6000 	C:\WINDOWS\System32\win32u.dll
0x00007ffc48610000 - 0x00007ffc48639000 	C:\WINDOWS\System32\GDI32.dll
0x00007ffc46990000 - 0x00007ffc46aa8000 	C:\WINDOWS\System32\gdi32full.dll
0x00007ffc46cc0000 - 0x00007ffc46d5d000 	C:\WINDOWS\System32\msvcp_win.dll
0x00007ffc37d20000 - 0x00007ffc37d2a000 	C:\WINDOWS\SYSTEM32\VERSION.dll
0x00007ffc47950000 - 0x00007ffc47982000 	C:\WINDOWS\System32\IMM32.DLL
0x00007ffc1eb40000 - 0x00007ffc1eb4c000 	C:\Program Files\Java\jdk-17.0.3.1\bin\vcruntime140_1.dll
0x00007ffc10010000 - 0x00007ffc1009d000 	C:\Program Files\Java\jdk-17.0.3.1\bin\msvcp140.dll
0x00007ffbaa880000 - 0x00007ffbab440000 	C:\Program Files\Java\jdk-17.0.3.1\bin\server\jvm.dll
0x00007ffc47930000 - 0x00007ffc47938000 	C:\WINDOWS\System32\PSAPI.DLL
0x00007ffc3b120000 - 0x00007ffc3b153000 	C:\WINDOWS\SYSTEM32\WINMM.dll
0x00007ffc21340000 - 0x00007ffc21349000 	C:\WINDOWS\SYSTEM32\WSOCK32.dll
0x00007ffc477e0000 - 0x00007ffc4784f000 	C:\WINDOWS\System32\WS2_32.dll
0x00007ffc45430000 - 0x00007ffc45448000 	C:\WINDOWS\SYSTEM32\kernel.appcore.dll
0x00007ffc1e990000 - 0x00007ffc1e99a000 	C:\Program Files\Java\jdk-17.0.3.1\bin\jimage.dll
0x00007ffc40e60000 - 0x00007ffc41081000 	C:\WINDOWS\SYSTEM32\DBGHELP.DLL
0x00007ffc29440000 - 0x00007ffc29471000 	C:\WINDOWS\SYSTEM32\dbgcore.DLL
0x00007ffc46910000 - 0x00007ffc4698f000 	C:\WINDOWS\System32\bcryptPrimitives.dll
0x00007ffc10de0000 - 0x00007ffc10e05000 	C:\Program Files\Java\jdk-17.0.3.1\bin\java.dll
0x00007ffc1e780000 - 0x00007ffc1e856000 	C:\Program Files\Java\jdk-17.0.3.1\bin\jsvml.dll
0x00007ffc48640000 - 0x00007ffc48df7000 	C:\WINDOWS\System32\SHELL32.dll
0x00007ffc444a0000 - 0x00007ffc44d05000 	C:\WINDOWS\SYSTEM32\windows.storage.dll
0x00007ffc47c80000 - 0x00007ffc47ff8000 	C:\WINDOWS\System32\combase.dll
0x00007ffc44330000 - 0x00007ffc44496000 	C:\WINDOWS\SYSTEM32\wintypes.dll
0x00007ffc48520000 - 0x00007ffc4860a000 	C:\WINDOWS\System32\SHCORE.dll
0x00007ffc48000000 - 0x00007ffc4805d000 	C:\WINDOWS\System32\shlwapi.dll
0x00007ffc462e0000 - 0x00007ffc46301000 	C:\WINDOWS\SYSTEM32\profapi.dll
0x00007ffc3ec20000 - 0x00007ffc3ec39000 	C:\Program Files\Java\jdk-17.0.3.1\bin\net.dll
0x00007ffc3ad10000 - 0x00007ffc3ae24000 	C:\WINDOWS\SYSTEM32\WINHTTP.dll
0x00007ffc458d0000 - 0x00007ffc45937000 	C:\WINDOWS\system32\mswsock.dll
0x00007ffc3ec00000 - 0x00007ffc3ec16000 	C:\Program Files\Java\jdk-17.0.3.1\bin\nio.dll
0x00007ffc2ad20000 - 0x00007ffc2ad38000 	C:\Program Files\Java\jdk-17.0.3.1\bin\zip.dll
0x0000000069ac0000 - 0x0000000069ae4000 	C:\Program Files\NetBeans-16\netbeans\java\maven\lib\jansi-native\Windows\x86_64\jansi.dll
0x00007ffc3c600000 - 0x00007ffc3c610000 	C:\Program Files\Java\jdk-17.0.3.1\bin\verify.dll

dbghelp: loaded successfully - version: 4.0.5 - missing functions: none
symbol engine: initialized successfully - sym options: 0x614 - pdb path: .;C:\Program Files\Java\jdk-17.0.3.1\bin;C:\WINDOWS\SYSTEM32;C:\WINDOWS\WinSxS\amd64_microsoft.windows.common-controls_6595b64144ccf1df_6.0.22000.120_none_9d947278b86cc467;C:\Program Files\Java\jdk-17.0.3.1\bin\server;C:\Program Files\NetBeans-16\netbeans\java\maven\lib\jansi-native\Windows\x86_64

VM Arguments:
jvm_args: -Dclassworlds.conf=C:\Program Files\NetBeans-16\netbeans\java\maven\bin\m2.conf -Dmaven.home=C:\Program Files\NetBeans-16\netbeans\java\maven -Dlibrary.jansi.path=C:\Program Files\NetBeans-16\netbeans\java\maven\lib\jansi-native -Dmaven.multiModuleProjectDirectory=C:\Users\ACER\Desktop\OOP CW\CW2\JavaCw2 
java_command: org.codehaus.plexus.classworlds.launcher.Launcher -Dexec.vmArgs= -Dexec.args=${exec.vmArgs} -classpath %classpath ${exec.mainClass} ${exec.appArgs} -Dexec.executable=C:\Program Files\Java\jdk-17.0.3.1\bin\java.exe -Dexec.mainClass=com.mycompany.javacw2.WestminsterSkinConsultationManager -Dexec.classpathScope=runtime -Dexec.appArgs= -Dmaven.ext.class.path=C:\Program Files\NetBeans-16\netbeans\java\maven-nblib\netbeans-eventspy.jar -Dfile.encoding=UTF-8 org.codehaus.mojo:exec-maven-plugin:3.0.0:exec
java_class_path (initial): C:\Program Files\NetBeans-16\netbeans\java\maven\boot\plexus-classworlds-2.6.0.jar
Launcher Type: SUN_STANDARD

[Global flags]
