#
# There is insufficient memory for the Java Runtime Environment to continue.
# Native memory allocation (malloc) failed to allocate 1007088 bytes for Chunk::new
# Possible reasons:
#   The system is out of physical RAM or swap space
#   The process is running with CompressedOops enabled, and the Java Heap may be blocking the growth of the native heap
# Possible solutions:
#   Reduce memory load on the system
#   Increase physical memory or swap space
#   Check if swap backing store is full
#   Decrease Java heap size (-Xmx/-Xms)
#   Decrease number of Java threads
#   Decrease Java thread stack sizes (-Xss)
#   Set larger code cache with -XX:ReservedCodeCacheSize=
#   JVM is running with Unscaled Compressed Oops mode in which the Java heap is
#     placed in the first 4GB address space. The Java Heap base address is the
#     maximum limit for the native heap growth. Please use -XX:HeapBaseMinAddress
#     to set the Java Heap base and to place the Java Heap above 4GB virtual address.
# This output file may be truncated or incomplete.
#
#  Out of Memory Error (arena.cpp:189), pid=15996, tid=9736
#
# JRE version: Java(TM) SE Runtime Environment (17.0.3.1+2) (build 17.0.3.1+2-LTS-6)
# Java VM: Java HotSpot(TM) 64-Bit Server VM (17.0.3.1+2-LTS-6, mixed mode, sharing, tiered, compressed oops, compressed class ptrs, g1 gc, windows-amd64)
# No core dump will be written. Minidumps are not enabled by default on client versions of Windows
#

---------------  S U M M A R Y ------------

Command Line: -Dclassworlds.conf=C:\Program Files\NetBeans-16\netbeans\java\maven\bin\m2.conf -Dmaven.home=C:\Program Files\NetBeans-16\netbeans\java\maven -Dlibrary.jansi.path=C:\Program Files\NetBeans-16\netbeans\java\maven\lib\jansi-native -Dmaven.multiModuleProjectDirectory=C:\Users\ACER\Desktop\OOP CW\CW2\JavaCw2 org.codehaus.plexus.classworlds.launcher.Launcher -Dexec.vmArgs= -Dexec.args=${exec.vmArgs} -classpath %classpath ${exec.mainClass} ${exec.appArgs} -Dexec.executable=C:\Program Files\Java\jdk-17.0.3.1\bin\java.exe -Dexec.mainClass=com.mycompany.javacw2.WestminsterSkinConsultationManager -Dexec.classpathScope=runtime -Dexec.appArgs= -Dmaven.ext.class.path=C:\Program Files\NetBeans-16\netbeans\java\maven-nblib\netbeans-eventspy.jar -Dfile.encoding=UTF-8 org.codehaus.mojo:exec-maven-plugin:3.0.0:exec

Host: Intel(R) Core(TM) i5-10210U CPU @ 1.60GHz, 8 cores, 7G,  Windows 11 , 64 bit Build 22000 (10.0.22000.1335)
Time: Sat Dec 31 20:55:45 2022 India Standard Time elapsed time: 1.790779 seconds (0d 0h 0m 1s)

---------------  T H R E A D  ---------------

Current thread (0x000001ddd80ec3b0):  JavaThread "C2 CompilerThread0" daemon [_thread_in_native, id=9736, stack(0x0000005e19100000,0x0000005e19200000)]


Current CompileTask:
C2:   1790 1745   !   4       java.net.URL::<init> (543 bytes)

Stack: [0x0000005e19100000,0x0000005e19200000]
Native frames: (J=compiled Java code, j=interpreted, Vv=VM code, C=native code)
V  [jvm.dll+0x6711ba]
V  [jvm.dll+0x7d0834]
V  [jvm.dll+0x7d1fde]
V  [jvm.dll+0x7d2643]
V  [jvm.dll+0x242c85]
V  [jvm.dll+0xaa57b]
V  [jvm.dll+0xaab0c]
V  [jvm.dll+0x35ff77]
V  [jvm.dll+0x1b9ca8]
V  [jvm.dll+0x215eb9]
V  [jvm.dll+0x215181]
V  [jvm.dll+0x1a1c3d]
V  [jvm.dll+0x2249c8]
V  [jvm.dll+0x222b2c]
V  [jvm.dll+0x78650b]
V  [jvm.dll+0x780aca]
V  [jvm.dll+0x670045]
C  [ucrtbase.dll+0x26c0c]
C  [KERNEL32.DLL+0x155a0]
C  [ntdll.dll+0x485b]


---------------  P R O C E S S  ---------------

Threads class SMR info:
_java_thread_list=0x000001ddd94f0a30, length=14, elements={
0x000001ddba194960, 0x000001ddd80c7840, 0x000001ddd80c9200, 0x000001ddd80e8aa0,
0x000001ddd80e9360, 0x000001ddd80e9d10, 0x000001ddd80ea6c0, 0x000001ddd80ec3b0,
0x000001ddd80ece50, 0x000001ddd80f2960, 0x000001ddd8ce67a0, 0x000001ddd8cf6b60,
0x000001ddd94e8d90, 0x000001ddd97f79a0
}

Java Threads: ( => current thread )
  0x000001ddba194960 JavaThread "main" [_thread_in_vm, id=15628, stack(0x0000005e18400000,0x0000005e18500000)]
  0x000001ddd80c7840 JavaThread "Reference Handler" daemon [_thread_blocked, id=10028, stack(0x0000005e18b00000,0x0000005e18c00000)]
  0x000001ddd80c9200 JavaThread "Finalizer" daemon [_thread_blocked, id=7944, stack(0x0000005e18c00000,0x0000005e18d00000)]
  0x000001ddd80e8aa0 JavaThread "Signal Dispatcher" daemon [_thread_blocked, id=8244, stack(0x0000005e18d00000,0x0000005e18e00000)]
  0x000001ddd80e9360 JavaThread "Attach Listener" daemon [_thread_blocked, id=4776, stack(0x0000005e18e00000,0x0000005e18f00000)]
  0x000001ddd80e9d10 JavaThread "Service Thread" daemon [_thread_blocked, id=17880, stack(0x0000005e18f00000,0x0000005e19000000)]
  0x000001ddd80ea6c0 JavaThread "Monitor Deflation Thread" daemon [_thread_blocked, id=16796, stack(0x0000005e19000000,0x0000005e19100000)]
=>0x000001ddd80ec3b0 JavaThread "C2 CompilerThread0" daemon [_thread_in_native, id=9736, stack(0x0000005e19100000,0x0000005e19200000)]
  0x000001ddd80ece50 JavaThread "C1 CompilerThread0" daemon [_thread_blocked, id=14816, stack(0x0000005e19200000,0x0000005e19300000)]
  0x000001ddd80f2960 JavaThread "Sweeper thread" daemon [_thread_blocked, id=17256, stack(0x0000005e19300000,0x0000005e19400000)]
  0x000001ddd8ce67a0 JavaThread "Notification Thread" daemon [_thread_blocked, id=7520, stack(0x0000005e19400000,0x0000005e19500000)]
  0x000001ddd8cf6b60 JavaThread "Common-Cleaner" daemon [_thread_blocked, id=9076, stack(0x0000005e19600000,0x0000005e19700000)]
  0x000001ddd94e8d90 JavaThread "C2 CompilerThread1" daemon [_thread_in_native, id=15528, stack(0x0000005e19700000,0x0000005e19800000)]
  0x000001ddd97f79a0 JavaThread "C2 CompilerThread2" daemon [_thread_in_native, id=4160, stack(0x0000005e19800000,0x0000005e19900000)]

Other Threads:
  0x000001ddd80c3710 VMThread "VM Thread" [stack: 0x0000005e18a00000,0x0000005e18b00000] [id=13960]
  0x000001ddd8cf20b0 WatcherThread [stack: 0x0000005e19500000,0x0000005e19600000] [id=7612]
  0x000001ddba1ebeb0 GCTaskThread "GC Thread#0" [stack: 0x0000005e18500000,0x0000005e18600000] [id=7264]
  0x000001ddd95cd470 GCTaskThread "GC Thread#1" [stack: 0x0000005e19900000,0x0000005e19a00000] [id=12004]
  0x000001ddd9a0b050 GCTaskThread "GC Thread#2" [stack: 0x0000005e19a00000,0x0000005e19b00000] [id=13316]
  0x000001ddd9a0b300 GCTaskThread "GC Thread#3" [stack: 0x0000005e19b00000,0x0000005e19c00000] [id=12764]
  0x000001ddd9a0b5b0 GCTaskThread "GC Thread#4" [stack: 0x0000005e19c00000,0x0000005e19d00000] [id=8940]
  0x000001ddd9a0b860 GCTaskThread "GC Thread#5" [stack: 0x0000005e19d00000,0x0000005e19e00000] [id=17732]
  0x000001ddd9a0bf10 GCTaskThread "GC Thread#6" [stack: 0x0000005e19e00000,0x0000005e19f00000] [id=18312]
  0x000001ddd9e5c680 GCTaskThread "GC Thread#7" [stack: 0x0000005e19f00000,0x0000005e1a000000] [id=13308]
  0x000001ddba1fc690 ConcurrentGCThread "G1 Main Marker" [stack: 0x0000005e18600000,0x0000005e18700000] [id=18004]
  0x000001ddba1fe850 ConcurrentGCThread "G1 Conc#0" [stack: 0x0000005e18700000,0x0000005e18800000] [id=17548]
  0x000001ddd7f730d0 ConcurrentGCThread "G1 Refine#0" [stack: 0x0000005e18800000,0x0000005e18900000] [id=14120]
  0x000001ddd7f73890 ConcurrentGCThread "G1 Service" [stack: 0x0000005e18900000,0x0000005e18a00000] [id=16824]

Threads with active compile tasks:
C2 CompilerThread0     1906 1745   !   4       java.net.URL::<init> (543 bytes)
C2 CompilerThread1     1906 2065       4       org.codehaus.plexus.util.xml.pull.MXParser::parseStartTag (1195 bytes)
C2 CompilerThread2     1906 2009       4       sun.util.locale.BaseLocale::getInstance (149 bytes)

VM state: not at safepoint (normal execution)

VM Mutex/Monitor currently owned by a thread:  ([mutex/lock_event])
[0x000001ddba1906d0] Metaspace_lock - owner thread: 0x000001ddba194960

Heap address: 0x0000000084600000, size: 1978 MB, Compressed Oops mode: 32-bit

CDS archive(s) mapped at: [0x0000000800000000-0x0000000800bc0000-0x0000000800bc0000), size 12320768, SharedBaseAddress: 0x0000000800000000, ArchiveRelocationMode: 0.
Compressed class space mapped at: 0x0000000800c00000-0x0000000840c00000, reserved size: 1073741824
Narrow klass base: 0x0000000800000000, Narrow klass shift: 0, Narrow klass range: 0x100000000

GC Precious Log:
 CPUs: 8 total, 8 available
 Memory: 7908M
 Large Page Support: Disabled
 NUMA Support: Disabled
 Compressed Oops: Enabled (32-bit)
 Heap Region Size: 1M
 Heap Min Capacity: 8M
 Heap Initial Capacity: 124M
 Heap Max Capacity: 1978M
 Pre-touch: Disabled
 Parallel Workers: 8
 Concurrent Workers: 2
 Concurrent Refinement Workers: 8
 Periodic GC: Disabled

Heap:
 garbage-first heap   total 126976K, used 13262K [0x0000000084600000, 0x0000000100000000)
  region size 1024K, 11 young (11264K), 3 survivors (3072K)
 Metaspace       used 11830K, committed 11968K, reserved 1064960K
  class space    used 1416K, committed 1472K, reserved 1048576K

Heap Regions: E=young(eden), S=young(survivor), O=old, HS=humongous(starts), HC=humongous(continues), CS=collection set, F=free, OA=open archive, CA=closed archive, TAMS=top-at-mark-start (previous, next)
|   0|0x0000000084600000, 0x0000000084700000, 0x0000000084700000|100%| O|  |TAMS 0x0000000084600000, 0x0000000084600000| Untracked 
|   1|0x0000000084700000, 0x0000000084800000, 0x0000000084800000|100%| O|  |TAMS 0x0000000084700000, 0x0000000084700000| Untracked 
|   2|0x0000000084800000, 0x0000000084900000, 0x0000000084900000|100%| O|  |TAMS 0x0000000084800000, 0x0000000084800000| Untracked 
|   3|0x0000000084900000, 0x0000000084976a00, 0x0000000084a00000| 46%| O|  |TAMS 0x0000000084900000, 0x0000000084900000| Untracked 
|   4|0x0000000084a00000, 0x0000000084a00000, 0x0000000084b00000|  0%| F|  |TAMS 0x0000000084a00000, 0x0000000084a00000| Untracked 
|   5|0x0000000084b00000, 0x0000000084b00000, 0x0000000084c00000|  0%| F|  |TAMS 0x0000000084b00000, 0x0000000084b00000| Untracked 
|   6|0x0000000084c00000, 0x0000000084c00000, 0x0000000084d00000|  0%| F|  |TAMS 0x0000000084c00000, 0x0000000084c00000| Untracked 
|   7|0x0000000084d00000, 0x0000000084d00000, 0x0000000084e00000|  0%| F|  |TAMS 0x0000000084d00000, 0x0000000084d00000| Untracked 
|   8|0x0000000084e00000, 0x0000000084e00000, 0x0000000084f00000|  0%| F|  |TAMS 0x0000000084e00000, 0x0000000084e00000| Untracked 
|   9|0x0000000084f00000, 0x0000000084f00000, 0x0000000085000000|  0%| F|  |TAMS 0x0000000084f00000, 0x0000000084f00000| Untracked 
|  10|0x0000000085000000, 0x0000000085000000, 0x0000000085100000|  0%| F|  |TAMS 0x0000000085000000, 0x0000000085000000| Untracked 
|  11|0x0000000085100000, 0x0000000085100000, 0x0000000085200000|  0%| F|  |TAMS 0x0000000085100000, 0x0000000085100000| Untracked 
|  12|0x0000000085200000, 0x0000000085200000, 0x0000000085300000|  0%| F|  |TAMS 0x0000000085200000, 0x0000000085200000| Untracked 
|  13|0x0000000085300000, 0x0000000085300000, 0x0000000085400000|  0%| F|  |TAMS 0x0000000085300000, 0x0000000085300000| Untracked 
|  14|0x0000000085400000, 0x0000000085400000, 0x0000000085500000|  0%| F|  |TAMS 0x0000000085400000, 0x0000000085400000| Untracked 
|  15|0x0000000085500000, 0x0000000085500000, 0x0000000085600000|  0%| F|  |TAMS 0x0000000085500000, 0x0000000085500000| Untracked 
|  16|0x0000000085600000, 0x0000000085600000, 0x0000000085700000|  0%| F|  |TAMS 0x0000000085600000, 0x0000000085600000| Untracked 
|  17|0x0000000085700000, 0x0000000085700000, 0x0000000085800000|  0%| F|  |TAMS 0x0000000085700000, 0x0000000085700000| Untracked 
|  18|0x0000000085800000, 0x0000000085800000, 0x0000000085900000|  0%| F|  |TAMS 0x0000000085800000, 0x0000000085800000| Untracked 
|  19|0x0000000085900000, 0x0000000085900000, 0x0000000085a00000|  0%| F|  |TAMS 0x0000000085900000, 0x0000000085900000| Untracked 
|  20|0x0000000085a00000, 0x0000000085a00000, 0x0000000085b00000|  0%| F|  |TAMS 0x0000000085a00000, 0x0000000085a00000| Untracked 
|  21|0x0000000085b00000, 0x0000000085b00000, 0x0000000085c00000|  0%| F|  |TAMS 0x0000000085b00000, 0x0000000085b00000| Untracked 
|  22|0x0000000085c00000, 0x0000000085c00000, 0x0000000085d00000|  0%| F|  |TAMS 0x0000000085c00000, 0x0000000085c00000| Untracked 
|  23|0x0000000085d00000, 0x0000000085d00000, 0x0000000085e00000|  0%| F|  |TAMS 0x0000000085d00000, 0x0000000085d00000| Untracked 
|  24|0x0000000085e00000, 0x0000000085e00000, 0x0000000085f00000|  0%| F|  |TAMS 0x0000000085e00000, 0x0000000085e00000| Untracked 
|  25|0x0000000085f00000, 0x0000000085f00000, 0x0000000086000000|  0%| F|  |TAMS 0x0000000085f00000, 0x0000000085f00000| Untracked 
|  26|0x0000000086000000, 0x0000000086000000, 0x0000000086100000|  0%| F|  |TAMS 0x0000000086000000, 0x0000000086000000| Untracked 
|  27|0x0000000086100000, 0x0000000086100000, 0x0000000086200000|  0%| F|  |TAMS 0x0000000086100000, 0x0000000086100000| Untracked 
|  28|0x0000000086200000, 0x0000000086200000, 0x0000000086300000|  0%| F|  |TAMS 0x0000000086200000, 0x0000000086200000| Untracked 
|  29|0x0000000086300000, 0x0000000086300000, 0x0000000086400000|  0%| F|  |TAMS 0x0000000086300000, 0x0000000086300000| Untracked 
|  30|0x0000000086400000, 0x0000000086400000, 0x0000000086500000|  0%| F|  |TAMS 0x0000000086400000, 0x0000000086400000| Untracked 
|  31|0x0000000086500000, 0x0000000086500000, 0x0000000086600000|  0%| F|  |TAMS 0x0000000086500000, 0x0000000086500000| Untracked 
|  32|0x0000000086600000, 0x0000000086600000, 0x0000000086700000|  0%| F|  |TAMS 0x0000000086600000, 0x0000000086600000| Untracked 
|  33|0x0000000086700000, 0x0000000086700000, 0x0000000086800000|  0%| F|  |TAMS 0x0000000086700000, 0x0000000086700000| Untracked 
|  34|0x0000000086800000, 0x0000000086800000, 0x0000000086900000|  0%| F|  |TAMS 0x0000000086800000, 0x0000000086800000| Untracked 
|  35|0x0000000086900000, 0x0000000086900000, 0x0000000086a00000|  0%| F|  |TAMS 0x0000000086900000, 0x0000000086900000| Untracked 
|  36|0x0000000086a00000, 0x0000000086a00000, 0x0000000086b00000|  0%| F|  |TAMS 0x0000000086a00000, 0x0000000086a00000| Untracked 
|  37|0x0000000086b00000, 0x0000000086b00000, 0x0000000086c00000|  0%| F|  |TAMS 0x0000000086b00000, 0x0000000086b00000| Untracked 
|  38|0x0000000086c00000, 0x0000000086c00000, 0x0000000086d00000|  0%| F|  |TAMS 0x0000000086c00000, 0x0000000086c00000| Untracked 
|  39|0x0000000086d00000, 0x0000000086d00000, 0x0000000086e00000|  0%| F|  |TAMS 0x0000000086d00000, 0x0000000086d00000| Untracked 
|  40|0x0000000086e00000, 0x0000000086e00000, 0x0000000086f00000|  0%| F|  |TAMS 0x0000000086e00000, 0x0000000086e00000| Untracked 
|  41|0x0000000086f00000, 0x0000000086f00000, 0x0000000087000000|  0%| F|  |TAMS 0x0000000086f00000, 0x0000000086f00000| Untracked 
|  42|0x0000000087000000, 0x0000000087000000, 0x0000000087100000|  0%| F|  |TAMS 0x0000000087000000, 0x0000000087000000| Untracked 
|  43|0x0000000087100000, 0x0000000087100000, 0x0000000087200000|  0%| F|  |TAMS 0x0000000087100000, 0x0000000087100000| Untracked 
|  44|0x0000000087200000, 0x0000000087200000, 0x0000000087300000|  0%| F|  |TAMS 0x0000000087200000, 0x0000000087200000| Untracked 
|  45|0x0000000087300000, 0x0000000087300000, 0x0000000087400000|  0%| F|  |TAMS 0x0000000087300000, 0x0000000087300000| Untracked 
|  46|0x0000000087400000, 0x0000000087400000, 0x0000000087500000|  0%| F|  |TAMS 0x0000000087400000, 0x0000000087400000| Untracked 
|  47|0x0000000087500000, 0x0000000087500000, 0x0000000087600000|  0%| F|  |TAMS 0x0000000087500000, 0x0000000087500000| Untracked 
|  48|0x0000000087600000, 0x0000000087600000, 0x0000000087700000|  0%| F|  |TAMS 0x0000000087600000, 0x0000000087600000| Untracked 
|  49|0x0000000087700000, 0x0000000087700000, 0x0000000087800000|  0%| F|  |TAMS 0x0000000087700000, 0x0000000087700000| Untracked 
|  50|0x0000000087800000, 0x0000000087800000, 0x0000000087900000|  0%| F|  |TAMS 0x0000000087800000, 0x0000000087800000| Untracked 
|  51|0x0000000087900000, 0x0000000087900000, 0x0000000087a00000|  0%| F|  |TAMS 0x0000000087900000, 0x0000000087900000| Untracked 
|  52|0x0000000087a00000, 0x0000000087a00000, 0x0000000087b00000|  0%| F|  |TAMS 0x0000000087a00000, 0x0000000087a00000| Untracked 
|  53|0x0000000087b00000, 0x0000000087b00000, 0x0000000087c00000|  0%| F|  |TAMS 0x0000000087b00000, 0x0000000087b00000| Untracked 
|  54|0x0000000087c00000, 0x0000000087c00000, 0x0000000087d00000|  0%| F|  |TAMS 0x0000000087c00000, 0x0000000087c00000| Untracked 
|  55|0x0000000087d00000, 0x0000000087d00000, 0x0000000087e00000|  0%| F|  |TAMS 0x0000000087d00000, 0x0000000087d00000| Untracked 
|  56|0x0000000087e00000, 0x0000000087e00000, 0x0000000087f00000|  0%| F|  |TAMS 0x0000000087e00000, 0x0000000087e00000| Untracked 
|  57|0x0000000087f00000, 0x0000000087f00000, 0x0000000088000000|  0%| F|  |TAMS 0x0000000087f00000, 0x0000000087f00000| Untracked 
|  58|0x0000000088000000, 0x0000000088000000, 0x0000000088100000|  0%| F|  |TAMS 0x0000000088000000, 0x0000000088000000| Untracked 
|  59|0x0000000088100000, 0x0000000088100000, 0x0000000088200000|  0%| F|  |TAMS 0x0000000088100000, 0x0000000088100000| Untracked 
|  60|0x0000000088200000, 0x0000000088200000, 0x0000000088300000|  0%| F|  |TAMS 0x0000000088200000, 0x0000000088200000| Untracked 
|  61|0x0000000088300000, 0x0000000088300000, 0x0000000088400000|  0%| F|  |TAMS 0x0000000088300000, 0x0000000088300000| Untracked 
|  62|0x0000000088400000, 0x0000000088400000, 0x0000000088500000|  0%| F|  |TAMS 0x0000000088400000, 0x0000000088400000| Untracked 
|  63|0x0000000088500000, 0x0000000088500000, 0x0000000088600000|  0%| F|  |TAMS 0x0000000088500000, 0x0000000088500000| Untracked 
|  64|0x0000000088600000, 0x0000000088600000, 0x0000000088700000|  0%| F|  |TAMS 0x0000000088600000, 0x0000000088600000| Untracked 
|  65|0x0000000088700000, 0x0000000088700000, 0x0000000088800000|  0%| F|  |TAMS 0x0000000088700000, 0x0000000088700000| Untracked 
|  66|0x0000000088800000, 0x0000000088800000, 0x0000000088900000|  0%| F|  |TAMS 0x0000000088800000, 0x0000000088800000| Untracked 
|  67|0x0000000088900000, 0x0000000088900000, 0x0000000088a00000|  0%| F|  |TAMS 0x0000000088900000, 0x0000000088900000| Untracked 
|  68|0x0000000088a00000, 0x0000000088a00000, 0x0000000088b00000|  0%| F|  |TAMS 0x0000000088a00000, 0x0000000088a00000| Untracked 
|  69|0x0000000088b00000, 0x0000000088b00000, 0x0000000088c00000|  0%| F|  |TAMS 0x0000000088b00000, 0x0000000088b00000| Untracked 
|  70|0x0000000088c00000, 0x0000000088c00000, 0x0000000088d00000|  0%| F|  |TAMS 0x0000000088c00000, 0x0000000088c00000| Untracked 
|  71|0x0000000088d00000, 0x0000000088d00000, 0x0000000088e00000|  0%| F|  |TAMS 0x0000000088d00000, 0x0000000088d00000| Untracked 
|  72|0x0000000088e00000, 0x0000000088e00000, 0x0000000088f00000|  0%| F|  |TAMS 0x0000000088e00000, 0x0000000088e00000| Untracked 
|  73|0x0000000088f00000, 0x0000000088f00000, 0x0000000089000000|  0%| F|  |TAMS 0x0000000088f00000, 0x0000000088f00000| Untracked 
|  74|0x0000000089000000, 0x0000000089000000, 0x0000000089100000|  0%| F|  |TAMS 0x0000000089000000, 0x0000000089000000| Untracked 
|  75|0x0000000089100000, 0x0000000089100000, 0x0000000089200000|  0%| F|  |TAMS 0x0000000089100000, 0x0000000089100000| Untracked 
|  76|0x0000000089200000, 0x0000000089200000, 0x0000000089300000|  0%| F|  |TAMS 0x0000000089200000, 0x0000000089200000| Untracked 
|  77|0x0000000089300000, 0x0000000089300000, 0x0000000089400000|  0%| F|  |TAMS 0x0000000089300000, 0x0000000089300000| Untracked 
|  78|0x0000000089400000, 0x0000000089400000, 0x0000000089500000|  0%| F|  |TAMS 0x0000000089400000, 0x0000000089400000| Untracked 
|  79|0x0000000089500000, 0x0000000089500000, 0x0000000089600000|  0%| F|  |TAMS 0x0000000089500000, 0x0000000089500000| Untracked 
|  80|0x0000000089600000, 0x0000000089600000, 0x0000000089700000|  0%| F|  |TAMS 0x0000000089600000, 0x0000000089600000| Untracked 
|  81|0x0000000089700000, 0x0000000089700000, 0x0000000089800000|  0%| F|  |TAMS 0x0000000089700000, 0x0000000089700000| Untracked 
|  82|0x0000000089800000, 0x0000000089800000, 0x0000000089900000|  0%| F|  |TAMS 0x0000000089800000, 0x0000000089800000| Untracked 
|  83|0x0000000089900000, 0x0000000089900000, 0x0000000089a00000|  0%| F|  |TAMS 0x0000000089900000, 0x0000000089900000| Untracked 
|  84|0x0000000089a00000, 0x0000000089a00000, 0x0000000089b00000|  0%| F|  |TAMS 0x0000000089a00000, 0x0000000089a00000| Untracked 
|  85|0x0000000089b00000, 0x0000000089b00000, 0x0000000089c00000|  0%| F|  |TAMS 0x0000000089b00000, 0x0000000089b00000| Untracked 
|  86|0x0000000089c00000, 0x0000000089c00000, 0x0000000089d00000|  0%| F|  |TAMS 0x0000000089c00000, 0x0000000089c00000| Untracked 
|  87|0x0000000089d00000, 0x0000000089d7ce20, 0x0000000089e00000| 48%| S|CS|TAMS 0x0000000089d00000, 0x0000000089d00000| Complete 
|  88|0x0000000089e00000, 0x0000000089f00000, 0x0000000089f00000|100%| S|CS|TAMS 0x0000000089e00000, 0x0000000089e00000| Complete 
|  89|0x0000000089f00000, 0x000000008a000000, 0x000000008a000000|100%| S|CS|TAMS 0x0000000089f00000, 0x0000000089f00000| Complete 
|  90|0x000000008a000000, 0x000000008a000000, 0x000000008a100000|  0%| F|  |TAMS 0x000000008a000000, 0x000000008a000000| Untracked 
|  91|0x000000008a100000, 0x000000008a100000, 0x000000008a200000|  0%| F|  |TAMS 0x000000008a100000, 0x000000008a100000| Untracked 
|  92|0x000000008a200000, 0x000000008a200000, 0x000000008a300000|  0%| F|  |TAMS 0x000000008a200000, 0x000000008a200000| Untracked 
|  93|0x000000008a300000, 0x000000008a300000, 0x000000008a400000|  0%| F|  |TAMS 0x000000008a300000, 0x000000008a300000| Untracked 
|  94|0x000000008a400000, 0x000000008a400000, 0x000000008a500000|  0%| F|  |TAMS 0x000000008a400000, 0x000000008a400000| Untracked 
|  95|0x000000008a500000, 0x000000008a500000, 0x000000008a600000|  0%| F|  |TAMS 0x000000008a500000, 0x000000008a500000| Untracked 
|  96|0x000000008a600000, 0x000000008a600000, 0x000000008a700000|  0%| F|  |TAMS 0x000000008a600000, 0x000000008a600000| Untracked 
|  97|0x000000008a700000, 0x000000008a700000, 0x000000008a800000|  0%| F|  |TAMS 0x000000008a700000, 0x000000008a700000| Untracked 
|  98|0x000000008a800000, 0x000000008a800000, 0x000000008a900000|  0%| F|  |TAMS 0x000000008a800000, 0x000000008a800000| Untracked 
|  99|0x000000008a900000, 0x000000008a900000, 0x000000008aa00000|  0%| F|  |TAMS 0x000000008a900000, 0x000000008a900000| Untracked 
| 100|0x000000008aa00000, 0x000000008aa00000, 0x000000008ab00000|  0%| F|  |TAMS 0x000000008aa00000, 0x000000008aa00000| Untracked 
| 101|0x000000008ab00000, 0x000000008ab00000, 0x000000008ac00000|  0%| F|  |TAMS 0x000000008ab00000, 0x000000008ab00000| Untracked 
| 102|0x000000008ac00000, 0x000000008ac00000, 0x000000008ad00000|  0%| F|  |TAMS 0x000000008ac00000, 0x000000008ac00000| Untracked 
| 103|0x000000008ad00000, 0x000000008ad00000, 0x000000008ae00000|  0%| F|  |TAMS 0x000000008ad00000, 0x000000008ad00000| Untracked 
| 104|0x000000008ae00000, 0x000000008ae00000, 0x000000008af00000|  0%| F|  |TAMS 0x000000008ae00000, 0x000000008ae00000| Untracked 
| 105|0x000000008af00000, 0x000000008af00000, 0x000000008b000000|  0%| F|  |TAMS 0x000000008af00000, 0x000000008af00000| Untracked 
| 106|0x000000008b000000, 0x000000008b000000, 0x000000008b100000|  0%| F|  |TAMS 0x000000008b000000, 0x000000008b000000| Untracked 
| 107|0x000000008b100000, 0x000000008b100000, 0x000000008b200000|  0%| F|  |TAMS 0x000000008b100000, 0x000000008b100000| Untracked 
| 108|0x000000008b200000, 0x000000008b200000, 0x000000008b300000|  0%| F|  |TAMS 0x000000008b200000, 0x000000008b200000| Untracked 
| 109|0x000000008b300000, 0x000000008b300000, 0x000000008b400000|  0%| F|  |TAMS 0x000000008b300000, 0x000000008b300000| Untracked 
| 110|0x000000008b400000, 0x000000008b400000, 0x000000008b500000|  0%| F|  |TAMS 0x000000008b400000, 0x000000008b400000| Untracked 
| 111|0x000000008b500000, 0x000000008b500000, 0x000000008b600000|  0%| F|  |TAMS 0x000000008b500000, 0x000000008b500000| Untracked 
| 112|0x000000008b600000, 0x000000008b600000, 0x000000008b700000|  0%| F|  |TAMS 0x000000008b600000, 0x000000008b600000| Untracked 
| 113|0x000000008b700000, 0x000000008b700000, 0x000000008b800000|  0%| F|  |TAMS 0x000000008b700000, 0x000000008b700000| Untracked 
| 114|0x000000008b800000, 0x000000008b800000, 0x000000008b900000|  0%| F|  |TAMS 0x000000008b800000, 0x000000008b800000| Untracked 
| 115|0x000000008b900000, 0x000000008b900000, 0x000000008ba00000|  0%| F|  |TAMS 0x000000008b900000, 0x000000008b900000| Untracked 
| 116|0x000000008ba00000, 0x000000008bb00000, 0x000000008bb00000|100%| E|  |TAMS 0x000000008ba00000, 0x000000008ba00000| Complete 
| 117|0x000000008bb00000, 0x000000008bc00000, 0x000000008bc00000|100%| E|CS|TAMS 0x000000008bb00000, 0x000000008bb00000| Complete 
| 118|0x000000008bc00000, 0x000000008bd00000, 0x000000008bd00000|100%| E|CS|TAMS 0x000000008bc00000, 0x000000008bc00000| Complete 
| 119|0x000000008bd00000, 0x000000008be00000, 0x000000008be00000|100%| E|CS|TAMS 0x000000008bd00000, 0x000000008bd00000| Complete 
| 120|0x000000008be00000, 0x000000008bf00000, 0x000000008bf00000|100%| E|CS|TAMS 0x000000008be00000, 0x000000008be00000| Complete 
| 121|0x000000008bf00000, 0x000000008c000000, 0x000000008c000000|100%| E|CS|TAMS 0x000000008bf00000, 0x000000008bf00000| Complete 
| 122|0x000000008c000000, 0x000000008c100000, 0x000000008c100000|100%| E|CS|TAMS 0x000000008c000000, 0x000000008c000000| Complete 
| 123|0x000000008c100000, 0x000000008c200000, 0x000000008c200000|100%| E|CS|TAMS 0x000000008c100000, 0x000000008c100000| Complete 

Card table byte_map: [0x000001ddd1120000,0x000001ddd1500000] _byte_map_base: 0x000001ddd0cfd000

Marking Bits (Prev, Next): (CMBitMap*) 0x000001ddba1ec4c0, (CMBitMap*) 0x000001ddba1ec500
 Prev Bits: [0x000001ddd18e0000, 0x000001ddd37c8000)
 Next Bits: [0x000001ddd37d0000, 0x000001ddd56b8000)

Polling page: 0x000001ddb8190000

Metaspace:

Usage:
  Non-class:     10.17 MB used.
      Class:      1.38 MB used.
       Both:     11.55 MB used.

Virtual space:
  Non-class space:       16.00 MB reserved,      10.25 MB ( 64%) committed,  2 nodes.
      Class space:        1.00 GB reserved,       1.44 MB ( <1%) committed,  1 nodes.
             Both:        1.02 GB reserved,      11.69 MB (  1%) committed. 

Chunk freelists:
   Non-Class:  192.00 KB
       Class:  2.55 MB
        Both:  2.73 MB

MaxMetaspaceSize: unlimited
CompressedClassSpaceSize: 1.00 GB
Initial GC threshold: 21.00 MB
Current GC threshold: 21.00 MB
CDS: on
MetaspaceReclaimPolicy: balanced
 - commit_granule_bytes: 65536.
 - commit_granule_words: 8192.
 - virtual_space_node_default_size: 1048576.
 - enlarge_chunks_in_place: 1.
 - new_chunks_are_fully_committed: 0.
 - uncommit_free_chunks: 1.
 - use_allocation_guard: 0.
 - handle_deallocations: 1.


Internal statistics:

num_allocs_failed_limit: 0.
num_arena_births: 54.
num_arena_deaths: 0.
num_vsnodes_births: 3.
num_vsnodes_deaths: 0.
num_space_committed: 187.
num_space_uncommitted: 0.
num_chunks_returned_to_freelist: 0.
num_chunks_taken_from_freelist: 462.
num_chunk_merges: 0.
num_chunk_splits: 339.
num_chunks_enlarged: 268.
num_purges: 0.
num_inconsistent_stats: 0.

CodeHeap 'non-profiled nmethods': size=120000Kb used=778Kb max_used=778Kb free=119221Kb
 bounds [0x000001ddc94e0000, 0x000001ddc9750000, 0x000001ddd0a10000]
CodeHeap 'profiled nmethods': size=120000Kb used=4062Kb max_used=4062Kb free=115937Kb
 bounds [0x000001ddc1fb0000, 0x000001ddc23b0000, 0x000001ddc94e0000]
CodeHeap 'non-nmethods': size=5760Kb used=1168Kb max_used=1197Kb free=4591Kb
 bounds [0x000001ddc1a10000, 0x000001ddc1c80000, 0x000001ddc1fb0000]
 total_blobs=2519 nmethods=2064 adapters=367
 compilation: enabled
              stopped_count=0, restarted_count=0
 full_count=0

Compilation events (20 events):
Event: 1.688 Thread 0x000001ddd80ece50 nmethod 2008 0x000001ddc2385090 code [0x000001ddc2385300, 0x000001ddc2386058]
Event: 1.689 Thread 0x000001ddd80ece50 2016       3       sun.net.util.URLUtil::urlNoFragString (114 bytes)
Event: 1.690 Thread 0x000001ddd80ece50 nmethod 2016 0x000001ddc2386310 code [0x000001ddc2386640, 0x000001ddc2387678]
Event: 1.692 Thread 0x000001ddd80ece50 2017       3       java.lang.PublicMethods$Key::hashCode (19 bytes)
Event: 1.692 Thread 0x000001ddd80ece50 nmethod 2017 0x000001ddc2387c10 code [0x000001ddc2387dc0, 0x000001ddc2387f58]
Event: 1.693 Thread 0x000001ddd80ece50 2018       3       java.lang.PublicMethods$MethodList::merge (192 bytes)
Event: 1.694 Thread 0x000001ddd80ece50 nmethod 2018 0x000001ddc2388010 code [0x000001ddc2388280, 0x000001ddc2388d68]
Event: 1.694 Thread 0x000001ddd80ece50 2019       3       java.lang.PublicMethods$MethodList::length (24 bytes)
Event: 1.694 Thread 0x000001ddd80ece50 nmethod 2019 0x000001ddc2389110 code [0x000001ddc23892a0, 0x000001ddc2389478]
Event: 1.694 Thread 0x000001ddd80ece50 2020       3       java.lang.PublicMethods::merge (81 bytes)
Event: 1.695 Thread 0x000001ddd80ece50 nmethod 2020 0x000001ddc2389590 code [0x000001ddc23897e0, 0x000001ddc238a208]
Event: 1.695 Thread 0x000001ddd80ece50 2022  s    3       java.util.Hashtable::put (104 bytes)
Event: 1.696 Thread 0x000001ddd80ece50 nmethod 2022 0x000001ddc238a610 code [0x000001ddc238a820, 0x000001ddc238af38]
Event: 1.696 Thread 0x000001ddd80ece50 2021       3       java.lang.PublicMethods$Key::<init> (24 bytes)
Event: 1.696 Thread 0x000001ddd80ece50 nmethod 2021 0x000001ddc238b190 code [0x000001ddc238b360, 0x000001ddc238b6d8]
Event: 1.701 Thread 0x000001ddd80ece50 2023       3       java.lang.Short::<init> (10 bytes)
Event: 1.702 Thread 0x000001ddd80ece50 nmethod 2023 0x000001ddc238b890 code [0x000001ddc238ba40, 0x000001ddc238bc18]
Event: 1.702 Thread 0x000001ddd80ece50 2024       3       java.lang.Byte::<init> (10 bytes)
Event: 1.702 Thread 0x000001ddd80ece50 nmethod 2024 0x000001ddc238bd10 code [0x000001ddc238bec0, 0x000001ddc238c098]
Event: 1.702 Thread 0x000001ddd80ece50 2025       3       com.google.inject.internal.InjectorImpl::getProviderOrThrow (44 bytes)

GC Heap History (4 events):
Event: 0.752 GC heap before
{Heap before GC invocations=0 (full 0):
 garbage-first heap   total 126976K, used 22528K [0x0000000084600000, 0x0000000100000000)
  region size 1024K, 23 young (23552K), 0 survivors (0K)
 Metaspace       used 4758K, committed 4928K, reserved 1056768K
  class space    used 563K, committed 640K, reserved 1048576K
}
Event: 0.759 GC heap after
{Heap after GC invocations=1 (full 0):
 garbage-first heap   total 126976K, used 3650K [0x0000000084600000, 0x0000000100000000)
  region size 1024K, 3 young (3072K), 3 survivors (3072K)
 Metaspace       used 4758K, committed 4928K, reserved 1056768K
  class space    used 563K, committed 640K, reserved 1048576K
}
Event: 1.538 GC heap before
{Heap before GC invocations=1 (full 0):
 garbage-first heap   total 126976K, used 35394K [0x0000000084600000, 0x0000000100000000)
  region size 1024K, 34 young (34816K), 3 survivors (3072K)
 Metaspace       used 10201K, committed 10368K, reserved 1064960K
  class space    used 1255K, committed 1344K, reserved 1048576K
}
Event: 1.549 GC heap after
{Heap after GC invocations=2 (full 0):
 garbage-first heap   total 126976K, used 6094K [0x0000000084600000, 0x0000000100000000)
  region size 1024K, 3 young (3072K), 3 survivors (3072K)
 Metaspace       used 10201K, committed 10368K, reserved 1064960K
  class space    used 1255K, committed 1344K, reserved 1048576K
}

Deoptimization events (20 events):
Event: 1.677 Thread 0x000001ddba194960 Uncommon trap: trap_request=0xffffff45 fr.pc=0x000001ddc95388a8 relative=0x00000000000000a8
Event: 1.677 Thread 0x000001ddba194960 Uncommon trap: reason=unstable_if action=reinterpret pc=0x000001ddc95388a8 method=java.nio.Buffer.limit(I)Ljava/nio/Buffer; @ 42 c2
Event: 1.677 Thread 0x000001ddba194960 DEOPT PACKING pc=0x000001ddc95388a8 sp=0x0000005e184fcb40
Event: 1.677 Thread 0x000001ddba194960 DEOPT UNPACKING pc=0x000001ddc1a623a3 sp=0x0000005e184fcac8 mode 2
Event: 1.677 Thread 0x000001ddba194960 Uncommon trap: trap_request=0xffffffc6 fr.pc=0x000001ddc9531ca8 relative=0x0000000000000368
Event: 1.677 Thread 0x000001ddba194960 Uncommon trap: reason=bimorphic_or_optimized_type_check action=maybe_recompile pc=0x000001ddc9531ca8 method=java.nio.Buffer.<init>(IIIILjdk/internal/access/foreign/MemorySegmentProxy;)V @ 39 c2
Event: 1.677 Thread 0x000001ddba194960 DEOPT PACKING pc=0x000001ddc9531ca8 sp=0x0000005e184fc800
Event: 1.677 Thread 0x000001ddba194960 DEOPT UNPACKING pc=0x000001ddc1a623a3 sp=0x0000005e184fc7a8 mode 2
Event: 1.677 Thread 0x000001ddba194960 Uncommon trap: trap_request=0xffffffc6 fr.pc=0x000001ddc9531ca8 relative=0x0000000000000368
Event: 1.677 Thread 0x000001ddba194960 Uncommon trap: reason=bimorphic_or_optimized_type_check action=maybe_recompile pc=0x000001ddc9531ca8 method=java.nio.Buffer.<init>(IIIILjdk/internal/access/foreign/MemorySegmentProxy;)V @ 39 c2
Event: 1.677 Thread 0x000001ddba194960 DEOPT PACKING pc=0x000001ddc9531ca8 sp=0x0000005e184fc8d0
Event: 1.677 Thread 0x000001ddba194960 DEOPT UNPACKING pc=0x000001ddc1a623a3 sp=0x0000005e184fc878 mode 2
Event: 1.695 Thread 0x000001ddba194960 Uncommon trap: trap_request=0xffffff45 fr.pc=0x000001ddc9548348 relative=0x00000000000005a8
Event: 1.695 Thread 0x000001ddba194960 Uncommon trap: reason=unstable_if action=reinterpret pc=0x000001ddc9548348 method=java.lang.String.replace(CC)Ljava/lang/String; @ 2 c2
Event: 1.695 Thread 0x000001ddba194960 DEOPT PACKING pc=0x000001ddc9548348 sp=0x0000005e184fd940
Event: 1.695 Thread 0x000001ddba194960 DEOPT UNPACKING pc=0x000001ddc1a623a3 sp=0x0000005e184fd8f0 mode 2
Event: 1.696 Thread 0x000001ddba194960 Uncommon trap: trap_request=0xffffff45 fr.pc=0x000001ddc959ee78 relative=0x00000000000002d8
Event: 1.696 Thread 0x000001ddba194960 Uncommon trap: reason=unstable_if action=reinterpret pc=0x000001ddc959ee78 method=java.lang.String.indexOf([BBILjava/lang/String;I)I @ 21 c2
Event: 1.696 Thread 0x000001ddba194960 DEOPT PACKING pc=0x000001ddc959ee78 sp=0x0000005e184fda30
Event: 1.696 Thread 0x000001ddba194960 DEOPT UNPACKING pc=0x000001ddc1a623a3 sp=0x0000005e184fd940 mode 2

Classes unloaded (0 events):
No events

Classes redefined (0 events):
No events

Internal exceptions (13 events):
Event: 0.193 Thread 0x000001ddba194960 Exception <a 'java/lang/NullPointerException'{0x000000008be82ce0}> (0x000000008be82ce0) 
thrown [t:\workspace\open\src\hotspot\share\interpreter\linkResolver.cpp, line 1357]
Event: 0.211 Thread 0x000001ddba194960 Exception <a 'java/lang/NullPointerException'{0x000000008beb16e0}> (0x000000008beb16e0) 
thrown [t:\workspace\open\src\hotspot\share\interpreter\linkResolver.cpp, line 1357]
Event: 0.211 Thread 0x000001ddba194960 Exception <a 'java/lang/NullPointerException'{0x000000008beb19b8}> (0x000000008beb19b8) 
thrown [t:\workspace\open\src\hotspot\share\interpreter\linkResolver.cpp, line 1357]
Event: 0.211 Thread 0x000001ddba194960 Exception <a 'java/lang/NullPointerException'{0x000000008beb1c90}> (0x000000008beb1c90) 
thrown [t:\workspace\open\src\hotspot\share\interpreter\linkResolver.cpp, line 1357]
Event: 0.212 Thread 0x000001ddba194960 Exception <a 'java/lang/NullPointerException'{0x000000008beb7610}> (0x000000008beb7610) 
thrown [t:\workspace\open\src\hotspot\share\interpreter\linkResolver.cpp, line 1357]
Event: 0.214 Thread 0x000001ddba194960 Exception <a 'java/lang/NullPointerException'{0x000000008becc9c8}> (0x000000008becc9c8) 
thrown [t:\workspace\open\src\hotspot\share\interpreter\linkResolver.cpp, line 1357]
Event: 0.214 Thread 0x000001ddba194960 Exception <a 'java/lang/NullPointerException'{0x000000008beccca0}> (0x000000008beccca0) 
thrown [t:\workspace\open\src\hotspot\share\interpreter\linkResolver.cpp, line 1357]
Event: 0.214 Thread 0x000001ddba194960 Exception <a 'java/lang/NullPointerException'{0x000000008beccf78}> (0x000000008beccf78) 
thrown [t:\workspace\open\src\hotspot\share\interpreter\linkResolver.cpp, line 1357]
Event: 0.214 Thread 0x000001ddba194960 Exception <a 'java/lang/NullPointerException'{0x000000008becd250}> (0x000000008becd250) 
thrown [t:\workspace\open\src\hotspot\share\interpreter\linkResolver.cpp, line 1357]
Event: 0.599 Thread 0x000001ddba194960 Exception <a 'java/lang/NoSuchMethodError'{0x000000008b4f6650}: 'java.lang.Object java.lang.invoke.DirectMethodHandle$Holder.newInvokeSpecial(java.lang.Object, java.lang.Object, java.lang.Object, java.lang.Object, java.lang.Object)'> (0x000000008b4f6650) 
thrown [t:\workspace\open\src\hotspot\share\interpreter\linkResolver.cpp, line 766]
Event: 0.645 Thread 0x000001ddba194960 Exception <a 'java/lang/NoClassDefFoundError'{0x000000008b25c8b0}: javax/enterprise/inject/Typed> (0x000000008b25c8b0) 
thrown [t:\workspace\open\src\hotspot\share\classfile\systemDictionary.cpp, line 245]
Event: 1.436 Thread 0x000001ddba194960 Exception <a 'java/lang/NoClassDefFoundError'{0x000000008a258a78}: com/google/inject/servlet/ServletModuleTargetVisitor> (0x000000008a258a78) 
thrown [t:\workspace\open\src\hotspot\share\classfile\systemDictionary.cpp, line 245]
Event: 1.524 Thread 0x000001ddba194960 Exception <a 'java/lang/NoSuchMethodError'{0x000000008a0a0fb0}: 'java.lang.Object java.lang.invoke.DirectMethodHandle$Holder.invokeStaticInit(java.lang.Object, int, int, int, int)'> (0x000000008a0a0fb0) 
thrown [t:\workspace\open\src\hotspot\share\interpreter\linkResolver.cpp, line 766]

VM Operations (20 events):
Event: 1.053 Executing VM operation: HandshakeAllThreads
Event: 1.053 Executing VM operation: HandshakeAllThreads done
Event: 1.118 Executing VM operation: HandshakeAllThreads
Event: 1.118 Executing VM operation: HandshakeAllThreads done
Event: 1.291 Executing VM operation: ICBufferFull
Event: 1.291 Executing VM operation: ICBufferFull done
Event: 1.320 Executing VM operation: HandshakeAllThreads
Event: 1.320 Executing VM operation: HandshakeAllThreads done
Event: 1.323 Executing VM operation: HandshakeAllThreads
Event: 1.323 Executing VM operation: HandshakeAllThreads done
Event: 1.413 Executing VM operation: HandshakeAllThreads
Event: 1.413 Executing VM operation: HandshakeAllThreads done
Event: 1.510 Executing VM operation: HandshakeAllThreads
Event: 1.510 Executing VM operation: HandshakeAllThreads done
Event: 1.538 Executing VM operation: G1CollectForAllocation
Event: 1.549 Executing VM operation: G1CollectForAllocation done
Event: 1.556 Executing VM operation: HandshakeAllThreads
Event: 1.556 Executing VM operation: HandshakeAllThreads done
Event: 1.636 Executing VM operation: HandshakeAllThreads
Event: 1.636 Executing VM operation: HandshakeAllThreads done

Events (20 events):
Event: 1.636 loading class java/net/spi/URLStreamHandlerProvider
Event: 1.636 loading class java/net/spi/URLStreamHandlerProvider done
Event: 1.636 loading class sun/net/www/protocol/https/Handler
Event: 1.636 loading class sun/net/www/protocol/http/Handler
Event: 1.636 loading class sun/net/www/protocol/http/Handler done
Event: 1.636 loading class sun/net/www/protocol/https/Handler done
Event: 1.638 loading class java/util/regex/Pattern$Pos
Event: 1.638 loading class java/util/regex/Pattern$Pos done
Event: 1.675 loading class sun/util/resources/LocaleData$CommonResourceBundleProvider
Event: 1.676 loading class sun/util/resources/LocaleData$LocaleDataResourceBundleProvider
Event: 1.676 loading class java/util/spi/ResourceBundleProvider
Event: 1.676 loading class java/util/spi/ResourceBundleProvider done
Event: 1.676 loading class sun/util/resources/LocaleData$LocaleDataResourceBundleProvider done
Event: 1.676 loading class sun/util/resources/LocaleData$CommonResourceBundleProvider done
Event: 1.676 loading class sun/util/resources/Bundles$2
Event: 1.676 loading class sun/util/resources/Bundles$2 done
Event: 1.701 loading class java/lang/Short$ShortCache
Event: 1.701 loading class java/lang/Short$ShortCache done
Event: 1.701 loading class java/lang/Byte$ByteCache
Event: 1.702 loading class java/lang/Byte$ByteCache done


Dynamic libraries:
0x00007ff69b780000 - 0x00007ff69b790000 	C:\Program Files\Java\jdk-17.0.3.1\bin\java.exe
0x00007ffc48ee0000 - 0x00007ffc490e9000 	C:\WINDOWS\SYSTEM32\ntdll.dll
0x00007ffc47bc0000 - 0x00007ffc47c7e000 	C:\WINDOWS\System32\KERNEL32.DLL
0x00007ffc46470000 - 0x00007ffc467eb000 	C:\WINDOWS\System32\KERNELBASE.dll
0x00007ffc467f0000 - 0x00007ffc46901000 	C:\WINDOWS\System32\ucrtbase.dll
0x00007ffc1f680000 - 0x00007ffc1f69a000 	C:\Program Files\Java\jdk-17.0.3.1\bin\VCRUNTIME140.dll
0x00007ffc3ebc0000 - 0x00007ffc3ebd8000 	C:\Program Files\Java\jdk-17.0.3.1\bin\jli.dll
0x00007ffc47a20000 - 0x00007ffc47ace000 	C:\WINDOWS\System32\ADVAPI32.dll
0x00007ffc474f0000 - 0x00007ffc47593000 	C:\WINDOWS\System32\msvcrt.dll
0x00007ffc48e00000 - 0x00007ffc48e9e000 	C:\WINDOWS\System32\sechost.dll
0x00007ffc46d80000 - 0x00007ffc46ea0000 	C:\WINDOWS\System32\RPCRT4.dll
0x00007ffc475a0000 - 0x00007ffc4774d000 	C:\WINDOWS\System32\USER32.dll
0x00007ffc2a8f0000 - 0x00007ffc2ab95000 	C:\WINDOWS\WinSxS\amd64_microsoft.windows.common-controls_6595b64144ccf1df_6.0.22000.120_none_9d947278b86cc467\COMCTL32.dll
0x00007ffc46ab0000 - 0x00007ffc46ad6000 	C:\WINDOWS\System32\win32u.dll
0x00007ffc48610000 - 0x00007ffc48639000 	C:\WINDOWS\System32\GDI32.dll
0x00007ffc46990000 - 0x00007ffc46aa8000 	C:\WINDOWS\System32\gdi32full.dll
0x00007ffc46cc0000 - 0x00007ffc46d5d000 	C:\WINDOWS\System32\msvcp_win.dll
0x00007ffc37d20000 - 0x00007ffc37d2a000 	C:\WINDOWS\SYSTEM32\VERSION.dll
0x00007ffc47950000 - 0x00007ffc47982000 	C:\WINDOWS\System32\IMM32.DLL
0x00007ffc1eb40000 - 0x00007ffc1eb4c000 	C:\Program Files\Java\jdk-17.0.3.1\bin\vcruntime140_1.dll
0x00007ffc10010000 - 0x00007ffc1009d000 	C:\Program Files\Java\jdk-17.0.3.1\bin\msvcp140.dll
0x00007ffbaa880000 - 0x00007ffbab440000 	C:\Program Files\Java\jdk-17.0.3.1\bin\server\jvm.dll
0x00007ffc47930000 - 0x00007ffc47938000 	C:\WINDOWS\System32\PSAPI.DLL
0x00007ffc21340000 - 0x00007ffc21349000 	C:\WINDOWS\SYSTEM32\WSOCK32.dll
0x00007ffc3b120000 - 0x00007ffc3b153000 	C:\WINDOWS\SYSTEM32\WINMM.dll
0x00007ffc477e0000 - 0x00007ffc4784f000 	C:\WINDOWS\System32\WS2_32.dll
0x00007ffc45430000 - 0x00007ffc45448000 	C:\WINDOWS\SYSTEM32\kernel.appcore.dll
0x00007ffc1e990000 - 0x00007ffc1e99a000 	C:\Program Files\Java\jdk-17.0.3.1\bin\jimage.dll
0x00007ffc40e60000 - 0x00007ffc41081000 	C:\WINDOWS\SYSTEM32\DBGHELP.DLL
0x00007ffc29440000 - 0x00007ffc29471000 	C:\WINDOWS\SYSTEM32\dbgcore.DLL
0x00007ffc46910000 - 0x00007ffc4698f000 	C:\WINDOWS\System32\bcryptPrimitives.dll
0x00007ffc10de0000 - 0x00007ffc10e05000 	C:\Program Files\Java\jdk-17.0.3.1\bin\java.dll
0x00007ffc1e780000 - 0x00007ffc1e856000 	C:\Program Files\Java\jdk-17.0.3.1\bin\jsvml.dll
0x00007ffc48640000 - 0x00007ffc48df7000 	C:\WINDOWS\System32\SHELL32.dll
0x00007ffc444a0000 - 0x00007ffc44d05000 	C:\WINDOWS\SYSTEM32\windows.storage.dll
0x00007ffc47c80000 - 0x00007ffc47ff8000 	C:\WINDOWS\System32\combase.dll
0x00007ffc44330000 - 0x00007ffc44496000 	C:\WINDOWS\SYSTEM32\wintypes.dll
0x00007ffc48520000 - 0x00007ffc4860a000 	C:\WINDOWS\System32\SHCORE.dll
0x00007ffc48000000 - 0x00007ffc4805d000 	C:\WINDOWS\System32\shlwapi.dll
0x00007ffc462e0000 - 0x00007ffc46301000 	C:\WINDOWS\SYSTEM32\profapi.dll
0x00007ffc3ec20000 - 0x00007ffc3ec39000 	C:\Program Files\Java\jdk-17.0.3.1\bin\net.dll
0x00007ffc3ad10000 - 0x00007ffc3ae24000 	C:\WINDOWS\SYSTEM32\WINHTTP.dll
0x00007ffc458d0000 - 0x00007ffc45937000 	C:\WINDOWS\system32\mswsock.dll
0x00007ffc3ec00000 - 0x00007ffc3ec16000 	C:\Program Files\Java\jdk-17.0.3.1\bin\nio.dll
0x00007ffc2ad20000 - 0x00007ffc2ad38000 	C:\Program Files\Java\jdk-17.0.3.1\bin\zip.dll
0x0000000069ac0000 - 0x0000000069ae4000 	C:\Program Files\NetBeans-16\netbeans\java\maven\lib\jansi-native\Windows\x86_64\jansi.dll
0x00007ffc3c600000 - 0x00007ffc3c610000 	C:\Program Files\Java\jdk-17.0.3.1\bin\verify.dll

dbghelp: loaded successfully - version: 4.0.5 - missing functions: none
symbol engine: initialized successfully - sym options: 0x614 - pdb path: .;C:\Program Files\Java\jdk-17.0.3.1\bin;C:\WINDOWS\SYSTEM32;C:\WINDOWS\WinSxS\amd64_microsoft.windows.common-controls_6595b64144ccf1df_6.0.22000.120_none_9d947278b86cc467;C:\Program Files\Java\jdk-17.0.3.1\bin\server;C:\Program Files\NetBeans-16\netbeans\java\maven\lib\jansi-native\Windows\x86_64

VM Arguments:
jvm_args: -Dclassworlds.conf=C:\Program Files\NetBeans-16\netbeans\java\maven\bin\m2.conf -Dmaven.home=C:\Program Files\NetBeans-16\netbeans\java\maven -Dlibrary.jansi.path=C:\Program Files\NetBeans-16\netbeans\java\maven\lib\jansi-native -Dmaven.multiModuleProjectDirectory=C:\Users\ACER\Desktop\OOP CW\CW2\JavaCw2 
java_command: org.codehaus.plexus.classworlds.launcher.Launcher -Dexec.vmArgs= -Dexec.args=${exec.vmArgs} -classpath %classpath ${exec.mainClass} ${exec.appArgs} -Dexec.executable=C:\Program Files\Java\jdk-17.0.3.1\bin\java.exe -Dexec.mainClass=com.mycompany.javacw2.WestminsterSkinConsultationManager -Dexec.classpathScope=runtime -Dexec.appArgs= -Dmaven.ext.class.path=C:\Program Files\NetBeans-16\netbeans\java\maven-nblib\netbeans-eventspy.jar -Dfile.encoding=UTF-8 org.codehaus.mojo:exec-maven-plugin:3.0.0:exec
java_class_path (initial): C:\Program Files\NetBeans-16\netbeans\java\maven\boot\plexus-classworlds-2.6.0.jar
Launcher Type: SUN_STANDARD

[Global flags]
     intx CICompilerCount                          = 4                                         {product} {ergonomic}
     uint ConcGCThreads                            = 2                                         {product} {ergonomic}
     uint G1ConcRefinementThreads                  = 8                                         {product} {ergonomic}
   size_t G1HeapRegionSize                         = 1048576                                   {product} {ergonomic}
    uintx GCDrainStackTargetSize                   = 64                                        {product} {ergonomic}
   size_t InitialHeapSize                          = 130023424                                 {product} {ergonomic}
   size_t MarkStackSize                            = 4194304                                   {product} {ergonomic}
   size_t MaxHeapSize                              = 2074083328                                {product} {ergonomic}
   size_t MaxNewSize                               = 1243611136                                {product} {ergonomic}
   size_t MinHeapDeltaBytes                        = 1048576                                   {product} {ergonomic}
   size_t MinHeapSize                              = 8388608                                   {product} {ergonomic}
    uintx NonNMethodCodeHeapSize                   = 5839372                                {pd product} {ergonomic}
    uintx NonProfiledCodeHeapSize                  = 122909434                              {pd product} {ergonomic}
    uintx ProfiledCodeHeapSize                     = 122909434                              {pd product} {ergonomic}
    uintx ReservedCodeCacheSize                    = 251658240                              {pd product} {ergonomic}
     bool SegmentedCodeCache                       = true                                      {product} {ergonomic}
   size_t SoftMaxHeapSize                          = 2074083328                             {manageable} {ergonomic}
     bool UseCompressedClassPointers               = true                           {product lp64_product} {ergonomic}
     bool UseCompressedOops                        = true                           {product lp64_product} {ergonomic}
     bool UseG1GC                                  = true                                      {product} {ergonomic}
     bool UseLargePagesIndividualAllocation        = false                                  {pd product} {ergonomic}

Logging:
Log output configuration:
 #0: stdout all=warning uptime,level,tags
 #1: stderr all=off uptime,level,tags

Environment Variables:
JAVA_HOME=C:\Program Files\Java\jdk-17.0.3.1
PATH=C:\Program Files\Common Files\Oracle\Java\javapath;C:\Windows\system32;C:\Windows;C:\Windows\System32\Wbem;C:\Windows\System32\WindowsPowerShell\v1.0\;C:\Windows\System32\OpenSSH\;C:\Program Files (x86)\NVIDIA Corporation\PhysX\Common;C:\Program Files\NVIDIA Corporation\NVIDIA NvDLISR;C:\WINDOWS\system32;C:\WINDOWS;C:\WINDOWS\System32\Wbem;C:\WINDOWS\System32\WindowsPowerShell\v1.0\;C:\WINDOWS\System32\OpenSSH\;E:\Microsoft VS Code\bin;E:\Git\cmd;C:\Program Files\Cloudflare\Cloudflare WARP\;C:\Users\ACER\AppData\Local\Microsoft\WindowsApps;E:\IntelliJ IDEA Community Edition 2022.1.1\bin;C:\Users\ACER\AppData\Local\atom\bin
USERNAME=ACER
OS=Windows_NT
PROCESSOR_IDENTIFIER=Intel64 Family 6 Model 142 Stepping 12, GenuineIntel



---------------  S Y S T E M  ---------------

OS:
 Windows 11 , 64 bit Build 22000 (10.0.22000.1335)
OS uptime: 2 days 21:01 hours

CPU: total 8 (initial active 8) (4 cores per cpu, 2 threads per core) family 6 model 142 stepping 12 microcode 0xde, cx8, cmov, fxsr, ht, mmx, 3dnowpref, sse, sse2, sse3, ssse3, sse4.1, sse4.2, popcnt, lzcnt, tsc, tscinvbit, avx, avx2, aes, erms, clmul, bmi1, bmi2, adx, fma, vzeroupper, clflush, clflushopt

Memory: 4k page, system-wide physical 7908M (2910M free)
TotalPageFile size 14052M (AvailPageFile size 3M)
current process WorkingSet (physical memory assigned to process): 112M, peak: 112M
current process commit charge ("private bytes"): 244M, peak: 245M

vm_info: Java HotSpot(TM) 64-Bit Server VM (17.0.3.1+2-LTS-6) for windows-amd64 JRE (17.0.3.1+2-LTS-6), built on Apr 25 2022 22:04:21 by "mach5one" with MS VC++ 16.8 / 16.9 (VS2019)

END.
