#
# There is insufficient memory for the Java Runtime Environment to continue.
# Native memory allocation (mmap) failed to map 130023424 bytes for G1 virtual space
# Possible reasons:
#   The system is out of physical RAM or swap space
#   The process is running with CompressedOops enabled, and the Java Heap may be blocking the growth of the native heap
# Possible solutions:
#   Reduce memory load on the system
#   Increase physical memory or swap space
#   Check if swap backing store is full
#   Decrease Java heap size (-Xmx/-Xms)
#   Decrease number of Java threads
#   Decrease Java thread stack sizes (-Xss)
#   Set larger code cache with -XX:ReservedCodeCacheSize=
#   JVM is running with Unscaled Compressed Oops mode in which the Java heap is
#     placed in the first 4GB address space. The Java Heap base address is the
#     maximum limit for the native heap growth. Please use -XX:HeapBaseMinAddress
#     to set the Java Heap base and to place the Java Heap above 4GB virtual address.
# This output file may be truncated or incomplete.
#
#  Out of Memory Error (os_windows.cpp:3535), pid=7164, tid=368
#
# JRE version:  (17.0.3.1+2) (build )
# Java VM: Java HotSpot(TM) 64-Bit Server VM (17.0.3.1+2-LTS-6, mixed mode, sharing, tiered, compressed oops, compressed class ptrs, g1 gc, windows-amd64)
# No core dump will be written. Minidumps are not enabled by default on client versions of Windows
#

---------------  S U M M A R Y ------------

Command Line: com.mycompany.javacw2.WestminsterSkinConsultationManager

Host: Intel(R) Core(TM) i5-10210U CPU @ 1.60GHz, 8 cores, 7G,  Windows 11 , 64 bit Build 22000 (10.0.22000.1335)
Time: Sat Dec 31 20:46:26 2022 India Standard Time elapsed time: 0.015271 seconds (0d 0h 0m 0s)

---------------  T H R E A D  ---------------

Current thread (0x0000022a7cbe07e0):  JavaThread "Unknown thread" [_thread_in_vm, id=368, stack(0x0000003cbcf00000,0x0000003cbd000000)]

Stack: [0x0000003cbcf00000,0x0000003cbd000000]
Native frames: (J=compiled Java code, j=interpreted, Vv=VM code, C=native code)
V  [jvm.dll+0x6711ba]
V  [jvm.dll+0x7d0834]
V  [jvm.dll+0x7d1fde]
V  [jvm.dll+0x7d2643]
V  [jvm.dll+0x242c85]
V  [jvm.dll+0x66e0d9]
V  [jvm.dll+0x662a22]
V  [jvm.dll+0x300ddb]
V  [jvm.dll+0x308376]
V  [jvm.dll+0x357f7e]
V  [jvm.dll+0x3581af]
V  [jvm.dll+0x2d7ff8]
V  [jvm.dll+0x2d8f64]
V  [jvm.dll+0x7a2411]
V  [jvm.dll+0x365d01]
V  [jvm.dll+0x78187c]
V  [jvm.dll+0x3e873f]
V  [jvm.dll+0x3ea1e1]
C  [jli.dll+0x527b]
C  [ucrtbase.dll+0x26c0c]
C  [KERNEL32.DLL+0x155a0]
C  [ntdll.dll+0x485b]


---------------  P R O C E S S  ---------------

Threads class SMR info:
_java_thread_list=0x00007ffbab319858, length=0, elements={
}

Java Threads: ( => current thread )

Other Threads:
  0x0000022a7cc398d0 GCTaskThread "GC Thread#0" [stack: 0x0000003cbd000000,0x0000003cbd100000] [id=1184]
  0x0000022a7cc49f50 ConcurrentGCThread "G1 Main Marker" [stack: 0x0000003cbd100000,0x0000003cbd200000] [id=6756]
  0x0000022a7cc4bad0 ConcurrentGCThread "G1 Conc#0" [stack: 0x0000003cbd200000,0x0000003cbd300000] [id=9536]

[error occurred during error reporting (printing all threads), id 0xc0000005, EXCEPTION_ACCESS_VIOLATION (0xc0000005) at pc=0x00007ffbaab689e7]

VM state: not at safepoint (not fully initialized)

VM Mutex/Monitor currently owned by a thread:  ([mutex/lock_event])
[0x0000022a7cbdcb40] Heap_lock - owner thread: 0x0000022a7cbe07e0

Heap address: 0x0000000084600000, size: 1978 MB, Compressed Oops mode: 32-bit

CDS archive(s) mapped at: [0x0000000000000000-0x0000000000000000-0x0000000000000000), size 0, SharedBaseAddress: 0x0000000800000000, ArchiveRelocationMode: 0.
Narrow klass base: 0x0000000000000000, Narrow klass shift: 0, Narrow klass range: 0x0

GC Precious Log:
<Empty>

Heap:
 garbage-first heap   total 0K, used 0K [0x0000000084600000, 0x0000000100000000)
  region size 1024K, 0 young (0K), 0 survivors (0K)

[error occurred during error reporting (printing heap information), id 0xc0000005, EXCEPTION_ACCESS_VIOLATION (0xc0000005) at pc=0x00007ffbaaf4a629]

GC Heap History (0 events):
No events

Deoptimization events (0 events):
No events

Classes unloaded (0 events):
No events

Classes redefined (0 events):
No events

Internal exceptions (0 events):
No events

VM Operations (0 events):
No events

Events (1 events):
Event: 0.009 Loaded shared library C:\Program Files\Java\jdk-17.0.3.1\bin\java.dll


Dynamic libraries:
0x00007ff69b780000 - 0x00007ff69b790000 	C:\Program Files\Java\jdk-17.0.3.1\bin\java.exe
0x00007ffc48ee0000 - 0x00007ffc490e9000 	C:\WINDOWS\SYSTEM32\ntdll.dll
0x00007ffc47bc0000 - 0x00007ffc47c7e000 	C:\WINDOWS\System32\KERNEL32.DLL
0x00007ffc46470000 - 0x00007ffc467eb000 	C:\WINDOWS\System32\KERNELBASE.dll
0x00007ffc467f0000 - 0x00007ffc46901000 	C:\WINDOWS\System32\ucrtbase.dll
0x00007ffc1f680000 - 0x00007ffc1f69a000 	C:\Program Files\Java\jdk-17.0.3.1\bin\VCRUNTIME140.dll
0x00007ffc3ebc0000 - 0x00007ffc3ebd8000 	C:\Program Files\Java\jdk-17.0.3.1\bin\jli.dll
0x00007ffc47a20000 - 0x00007ffc47ace000 	C:\WINDOWS\System32\ADVAPI32.dll
0x00007ffc474f0000 - 0x00007ffc47593000 	C:\WINDOWS\System32\msvcrt.dll
0x00007ffc48e00000 - 0x00007ffc48e9e000 	C:\WINDOWS\System32\sechost.dll
0x00007ffc46d80000 - 0x00007ffc46ea0000 	C:\WINDOWS\System32\RPCRT4.dll
0x00007ffc475a0000 - 0x00007ffc4774d000 	C:\WINDOWS\System32\USER32.dll
0x00007ffc46ab0000 - 0x00007ffc46ad6000 	C:\WINDOWS\System32\win32u.dll
0x00007ffc2a8f0000 - 0x00007ffc2ab95000 	C:\WINDOWS\WinSxS\amd64_microsoft.windows.common-controls_6595b64144ccf1df_6.0.22000.120_none_9d947278b86cc467\COMCTL32.dll
0x00007ffc48610000 - 0x00007ffc48639000 	C:\WINDOWS\System32\GDI32.dll
0x00007ffc46990000 - 0x00007ffc46aa8000 	C:\WINDOWS\System32\gdi32full.dll
0x00007ffc46cc0000 - 0x00007ffc46d5d000 	C:\WINDOWS\System32\msvcp_win.dll
0x00007ffc37d20000 - 0x00007ffc37d2a000 	C:\WINDOWS\SYSTEM32\VERSION.dll
0x00007ffc47950000 - 0x00007ffc47982000 	C:\WINDOWS\System32\IMM32.DLL
0x00007ffc1eb40000 - 0x00007ffc1eb4c000 	C:\Program Files\Java\jdk-17.0.3.1\bin\vcruntime140_1.dll
0x00007ffc10010000 - 0x00007ffc1009d000 	C:\Program Files\Java\jdk-17.0.3.1\bin\msvcp140.dll
0x00007ffbaa880000 - 0x00007ffbab440000 	C:\Program Files\Java\jdk-17.0.3.1\bin\server\jvm.dll
0x00007ffc47930000 - 0x00007ffc47938000 	C:\WINDOWS\System32\PSAPI.DLL
0x00007ffc21340000 - 0x00007ffc21349000 	C:\WINDOWS\SYSTEM32\WSOCK32.dll
0x00007ffc3b120000 - 0x00007ffc3b153000 	C:\WINDOWS\SYSTEM32\WINMM.dll
0x00007ffc477e0000 - 0x00007ffc4784f000 	C:\WINDOWS\System32\WS2_32.dll
0x00007ffc45430000 - 0x00007ffc45448000 	C:\WINDOWS\SYSTEM32\kernel.appcore.dll
0x00007ffc1e990000 - 0x00007ffc1e99a000 	C:\Program Files\Java\jdk-17.0.3.1\bin\jimage.dll
0x00007ffc40e60000 - 0x00007ffc41081000 	C:\WINDOWS\SYSTEM32\DBGHELP.DLL
0x00007ffc29440000 - 0x00007ffc29471000 	C:\WINDOWS\SYSTEM32\dbgcore.DLL
0x00007ffc46910000 - 0x00007ffc4698f000 	C:\WINDOWS\System32\bcryptPrimitives.dll
0x00007ffc10de0000 - 0x00007ffc10e05000 	C:\Program Files\Java\jdk-17.0.3.1\bin\java.dll

dbghelp: loaded successfully - version: 4.0.5 - missing functions: none
symbol engine: initialized successfully - sym options: 0x614 - pdb path: .;C:\Program Files\Java\jdk-17.0.3.1\bin;C:\WINDOWS\SYSTEM32;C:\WINDOWS\WinSxS\amd64_microsoft.windows.common-controls_6595b64144ccf1df_6.0.22000.120_none_9d947278b86cc467;C:\Program Files\Java\jdk-17.0.3.1\bin\server

VM Arguments:
java_command: com.mycompany.javacw2.WestminsterSkinConsultationManager
java_class_path (initial): C:\Users\ACER\Desktop\OOP CW\CW2\JavaCw2\target\classes
Launcher Type: SUN_STANDARD

[Global flags]
     intx CICompilerCount                          = 4                                         {product} {ergonomic}
     uint ConcGCThreads                            = 2                                         {product} {ergonomic}
     uint G1ConcRefinementThreads                  = 8                                         {product} {ergonomic}
   size_t G1HeapRegionSize                         = 1048576                                   {product} {ergonomic}
    uintx GCDrainStackTargetSize                   = 64                                        {product} {ergonomic}
   size_t InitialHeapSize                          = 130023424                                 {product} {ergonomic}
   size_t MarkStackSize                            = 4194304                                   {product} {ergonomic}
   size_t MaxHeapSize                              = 2074083328                                {product} {ergonomic}
   size_t MinHeapDeltaBytes                        = 1048576                                   {product} {ergonomic}
   size_t MinHeapSize                              = 8388608                                   {product} {ergonomic}
    uintx NonNMethodCodeHeapSize                   = 5839372                                {pd product} {ergonomic}
    uintx NonProfiledCodeHeapSize                  = 122909434                              {pd product} {ergonomic}
    uintx ProfiledCodeHeapSize                     = 122909434                              {pd product} {ergonomic}
    uintx ReservedCodeCacheSize                    = 251658240                              {pd product} {ergonomic}
     bool SegmentedCodeCache                       = true                                      {product} {ergonomic}
   size_t SoftMaxHeapSize                          = 2074083328                             {manageable} {ergonomic}
     bool UseCompressedClassPointers               = true                           {product lp64_product} {ergonomic}
     bool UseCompressedOops                        = true                           {product lp64_product} {ergonomic}
     bool UseG1GC                                  = true                                      {product} {ergonomic}
     bool UseLargePagesIndividualAllocation        = false                                  {pd product} {ergonomic}

Logging:
Log output configuration:
 #0: stdout all=warning uptime,level,tags
 #1: stderr all=off uptime,level,tags

Environment Variables:
JAVA_HOME=C:\Program Files\Java\jdk-17.0.3.1
PATH=C:\Program Files\Common Files\Oracle\Java\javapath;C:\Windows\system32;C:\Windows;C:\Windows\System32\Wbem;C:\Windows\System32\WindowsPowerShell\v1.0\;C:\Windows\System32\OpenSSH\;C:\Program Files (x86)\NVIDIA Corporation\PhysX\Common;C:\Program Files\NVIDIA Corporation\NVIDIA NvDLISR;C:\WINDOWS\system32;C:\WINDOWS;C:\WINDOWS\System32\Wbem;C:\WINDOWS\System32\WindowsPowerShell\v1.0\;C:\WINDOWS\System32\OpenSSH\;E:\Microsoft VS Code\bin;E:\Git\cmd;C:\Program Files\Cloudflare\Cloudflare WARP\;C:\Users\ACER\AppData\Local\Microsoft\WindowsApps;E:\IntelliJ IDEA Community Edition 2022.1.1\bin;C:\Users\ACER\AppData\Local\atom\bin
USERNAME=ACER
OS=Windows_NT
PROCESSOR_IDENTIFIER=Intel64 Family 6 Model 142 Stepping 12, GenuineIntel



---------------  S Y S T E M  ---------------

OS:
 Windows 11 , 64 bit Build 22000 (10.0.22000.1335)
OS uptime: 2 days 20:52 hours

CPU: total 8 (initial active 8) (4 cores per cpu, 2 threads per core) family 6 model 142 stepping 12 microcode 0xde, cx8, cmov, fxsr, ht, mmx, 3dnowpref, sse, sse2, sse3, ssse3, sse4.1, sse4.2, popcnt, lzcnt, tsc, tscinvbit, avx, avx2, aes, erms, clmul, bmi1, bmi2, adx, fma, vzeroupper, clflush, clflushopt

Memory: 4k page, system-wide physical 7908M (2147M free)
TotalPageFile size 14052M (AvailPageFile size 47M)
current process WorkingSet (physical memory assigned to process): 10M, peak: 10M
current process commit charge ("private bytes"): 60M, peak: 184M

vm_info: Java HotSpot(TM) 64-Bit Server VM (17.0.3.1+2-LTS-6) for windows-amd64 JRE (17.0.3.1+2-LTS-6), built on Apr 25 2022 22:04:21 by "mach5one" with MS VC++ 16.8 / 16.9 (VS2019)

END.
